2024-05-17 02:31:23,028 [INFO] Activator:177 - 


2024-05-17 02:31:23,029 [INFO] Activator:178 - !SESSION log4j initialized
2024-05-17 02:31:27,963 [INFO] McuFinderGlobals:44 - Set McuFinder mode to 2 (CubeIDE integrated)
2024-05-17 02:31:28,753 [INFO] ApplicationProperties:181 - Using Application install path: C:\ST\STM32CubeIDE_1.9.0\STM32CubeIDE\plugins\com.st.stm32cube.common.mx_6.6.1.202207061420
2024-05-17 02:31:28,766 [INFO] DbMcusXml:77 - Set database path to: C:\ST\STM32CubeIDE_1.9.0\STM32CubeIDE\plugins\com.st.stm32cube.common.mx_6.6.1.202207061420\\db\/mcu/
2024-05-17 02:31:28,766 [INFO] ApiDb:269 - Set plugin database path to: C:\ST\STM32CubeIDE_1.9.0\STM32CubeIDE\plugins\com.st.stm32cube.common.mx_6.6.1.202207061420\\db\/plugins/boardmanager/
2024-05-17 02:31:28,768 [WARN] ApiDb:254 - Overriding images path with different value:  => C:\ST\STM32CubeIDE_1.9.0\STM32CubeIDE\plugins\com.st.stm32cube.common.mx_6.6.1.202207061420\\db\/plugins/mcufinder/images/
2024-05-17 02:31:28,778 [INFO] ApiDb:249 - Set database path to: C:\Users\arath\.stmcufinder\plugins\mcufinder//mcu/
2024-05-17 02:31:28,779 [INFO] DbMcusAds:124 - Set database path to: C:\Users\arath\.stmcufinder\plugins\mcufinder//mcu/
2024-05-17 02:31:30,863 [INFO] CrossReferenceDbSqlite:201 - Set database path to: C:\Users\arath\.stmcufinder\plugins\mcufinder//mcu/cs/
2024-05-17 02:31:30,944 [INFO] RulesReader:61 - Compatibility file has been processed (282 Rules)
2024-05-17 02:31:31,013 [INFO] DbMcusXml:77 - Set database path to: C:\ST\STM32CubeIDE_1.9.0\STM32CubeIDE\plugins\com.st.stm32cube.common.mx_6.6.1.202207061420\\db\/mcu/
2024-05-17 02:31:31,013 [INFO] ApiDb:269 - Set plugin database path to: C:\ST\STM32CubeIDE_1.9.0\STM32CubeIDE\plugins\com.st.stm32cube.common.mx_6.6.1.202207061420\\db\/plugins/boardmanager/
2024-05-17 02:31:31,013 [INFO] ApiDb:256 - Set plugin images path to: C:\ST\STM32CubeIDE_1.9.0\STM32CubeIDE\plugins\com.st.stm32cube.common.mx_6.6.1.202207061420\\db\/plugins/mcufinder/images/
2024-05-17 02:31:31,013 [WARN] DbFile:40 - Overriding database path with different value: C:\Users\arath\.stmcufinder\plugins\mcufinder/ => C:\Users\arath\.stmcufinder\plugins\mcufinder
2024-05-17 02:31:31,013 [INFO] ApiDb:249 - Set database path to: C:\Users\arath\.stmcufinder\plugins\mcufinder//mcu/
2024-05-17 02:31:31,013 [WARN] DbFile:40 - Overriding database path with different value: C:\Users\arath\.stmcufinder\plugins\mcufinder/ => C:\Users\arath\.stmcufinder\plugins\mcufinder
2024-05-17 02:31:31,013 [INFO] DbMcusAds:124 - Set database path to: C:\Users\arath\.stmcufinder\plugins\mcufinder//mcu/
2024-05-17 02:31:31,014 [WARN] DbFile:40 - Overriding database path with different value: C:\Users\arath\.stmcufinder\plugins\mcufinder/ => C:\Users\arath\.stmcufinder\plugins\mcufinder
2024-05-17 02:31:31,015 [WARN] DbFile:40 - Overriding database path with different value: C:\Users\arath\.stmcufinder\plugins\mcufinder/ => C:\Users\arath\.stmcufinder\plugins\mcufinder
2024-05-17 02:31:31,015 [INFO] CrossReferenceDbSqlite:201 - Set database path to: C:\Users\arath\.stmcufinder\plugins\mcufinder//mcu/cs/
2024-05-17 02:31:31,071 [INFO] MainPanel:242 - HeapMemory: 268435456
2024-05-17 02:31:31,122 [INFO] DbMcusXml:77 - Set database path to: C:\ST\STM32CubeIDE_1.9.0\STM32CubeIDE\plugins\com.st.stm32cube.common.mx_6.6.1.202207061420\\db\/mcu/
2024-05-17 02:31:31,122 [INFO] ApiDb:269 - Set plugin database path to: C:\ST\STM32CubeIDE_1.9.0\STM32CubeIDE\plugins\com.st.stm32cube.common.mx_6.6.1.202207061420\\db\/plugins/boardmanager/
2024-05-17 02:31:31,122 [INFO] ApiDb:256 - Set plugin images path to: C:\ST\STM32CubeIDE_1.9.0\STM32CubeIDE\plugins\com.st.stm32cube.common.mx_6.6.1.202207061420\\db\/plugins/mcufinder/images/
2024-05-17 02:31:31,122 [WARN] DbFile:40 - Overriding database path with different value: C:\Users\arath\.stmcufinder\plugins\mcufinder/ => C:\Users\arath\.stmcufinder\plugins\mcufinder
2024-05-17 02:31:31,122 [INFO] ApiDb:249 - Set database path to: C:\Users\arath\.stmcufinder\plugins\mcufinder//mcu/
2024-05-17 02:31:31,123 [WARN] DbFile:40 - Overriding database path with different value: C:\Users\arath\.stmcufinder\plugins\mcufinder/ => C:\Users\arath\.stmcufinder\plugins\mcufinder
2024-05-17 02:31:31,123 [INFO] DbMcusAds:124 - Set database path to: C:\Users\arath\.stmcufinder\plugins\mcufinder//mcu/
2024-05-17 02:31:31,123 [WARN] DbFile:40 - Overriding database path with different value: C:\Users\arath\.stmcufinder\plugins\mcufinder/ => C:\Users\arath\.stmcufinder\plugins\mcufinder
2024-05-17 02:31:31,123 [WARN] DbFile:40 - Overriding database path with different value: C:\Users\arath\.stmcufinder\plugins\mcufinder/ => C:\Users\arath\.stmcufinder\plugins\mcufinder
2024-05-17 02:31:31,123 [INFO] CrossReferenceDbSqlite:201 - Set database path to: C:\Users\arath\.stmcufinder\plugins\mcufinder//mcu/cs/
2024-05-17 02:31:31,135 [INFO] ApplicationProperties:181 - Using Application install path: C:\ST\STM32CubeIDE_1.9.0\STM32CubeIDE\plugins\com.st.stm32cube.common.mx_6.6.1.202207061420
2024-05-17 02:31:31,136 [INFO] PluginManage:193 - Search for loadable plugins [exclusion list=, ]
2024-05-17 02:31:31,137 [INFO] PluginManage:307 - Check plugin analytics
2024-05-17 02:31:31,229 [INFO] AnalyticsPlugin:262 - Accepted Software Licenses: 
2024-05-17 02:31:31,230 [INFO] AnalyticsPlugin:264 - Accepted CMSIS Pack Licenses: 
2024-05-17 02:31:31,230 [INFO] AnalyticsPlugin:266 - Accepted Firmware Licenses: 
2024-05-17 02:31:31,236 [INFO] PluginManage:356 - Loaded plugin analytics (category:tool,tabindex:-1)
2024-05-17 02:31:31,236 [INFO] PluginManage:307 - Check plugin cadmodel
2024-05-17 02:31:31,239 [INFO] CADModel:65 - Init CAD model plugin
2024-05-17 02:31:31,239 [INFO] PluginManage:356 - Loaded plugin cadmodel (category:power,tabindex:5)
2024-05-17 02:31:31,239 [INFO] PluginManage:307 - Check plugin clock
2024-05-17 02:31:31,245 [INFO] PluginManage:356 - Loaded plugin clock (category:base,tabindex:2)
2024-05-17 02:31:31,245 [INFO] PluginManage:307 - Check plugin ddr
2024-05-17 02:31:31,247 [INFO] PluginManage:356 - Loaded plugin ddr (category:tool,tabindex:6)
2024-05-17 02:31:31,247 [INFO] PluginManage:307 - Check plugin filemanager
2024-05-17 02:31:31,362 [INFO] PluginManage:356 - Loaded plugin filemanager (category:base,tabindex:10)
2024-05-17 02:31:31,362 [INFO] PluginManage:307 - Check plugin ipmanager
2024-05-17 02:31:31,367 [INFO] PluginManage:356 - Loaded plugin ipmanager (category:base,tabindex:5)
2024-05-17 02:31:31,367 [INFO] PluginManage:307 - Check plugin lpbam
2024-05-17 02:31:31,373 [INFO] PluginManage:356 - Loaded plugin lpbam (category:base,tabindex:0)
2024-05-17 02:31:31,373 [INFO] PluginManage:307 - Check plugin pinoutandconfiguration
2024-05-17 02:31:31,377 [INFO] PluginManage:356 - Loaded plugin pinoutandconfiguration (category:base,tabindex:1)
2024-05-17 02:31:31,378 [INFO] PluginManage:307 - Check plugin pinoutconfig
2024-05-17 02:31:31,398 [INFO] PluginManage:356 - Loaded plugin pinoutconfig (category:base,tabindex:0)
2024-05-17 02:31:31,398 [INFO] PluginManage:307 - Check plugin power
2024-05-17 02:31:31,404 [INFO] PluginManage:356 - Loaded plugin power (category:power,tabindex:4)
2024-05-17 02:31:31,404 [INFO] PluginManage:307 - Check plugin projectmanager
2024-05-17 02:31:31,414 [INFO] PluginManage:356 - Loaded plugin projectmanager (category:projectmanager,tabindex:3)
2024-05-17 02:31:31,414 [INFO] PluginManage:307 - Check plugin thirdparty
2024-05-17 02:31:31,491 [WARN] IntegrityCheckThread:82 - waiting for thirdparty lock release [integrity check]
2024-05-17 02:31:31,491 [INFO] PluginManage:356 - Loaded plugin thirdparty (category:base,tabindex:-1)
2024-05-17 02:31:31,491 [INFO] IntegrityCheckThread:84 - entering critical section [integrity check]
2024-05-17 02:31:31,492 [INFO] PluginManage:307 - Check plugin tools
2024-05-17 02:31:31,493 [INFO] ThirdPartyUpdaterWithRetryManager:70 - Updater plugin not ready yet. [1/15]
2024-05-17 02:31:31,494 [INFO] PluginManage:356 - Loaded plugin tools (category:base,tabindex:7)
2024-05-17 02:31:31,494 [INFO] PluginManage:307 - Check plugin tutovideos
2024-05-17 02:31:31,617 [INFO] PluginManage:356 - Loaded plugin tutovideos (category:base,tabindex:-1)
2024-05-17 02:31:31,617 [INFO] PluginManage:307 - Check plugin updater
2024-05-17 02:31:31,625 [INFO] PluginManage:356 - Loaded plugin updater (category:base,tabindex:12)
2024-05-17 02:31:31,626 [INFO] PluginManage:280 - PluginManage : Loaded plugins [15]
2024-05-17 02:31:31,785 [INFO] PinOutPanel:1468 - setPackage(No Configuration,No Configuration)
2024-05-17 02:31:31,833 [INFO] CADModel:98 - CPN selected for project level
2024-05-17 02:31:31,845 [INFO] IPUIPlugin:79 - create IPUIPlugin
2024-05-17 02:31:31,846 [INFO] PluginManager:217 - loadIPPluginJar : add adc
2024-05-17 02:31:31,847 [INFO] IPUIPlugin:79 - create IPUIPlugin
2024-05-17 02:31:31,848 [INFO] PluginManager:217 - loadIPPluginJar : add aes
2024-05-17 02:31:31,849 [INFO] IPUIPlugin:79 - create IPUIPlugin
2024-05-17 02:31:31,849 [INFO] PluginManager:217 - loadIPPluginJar : add can
2024-05-17 02:31:31,850 [INFO] IPUIPlugin:79 - create IPUIPlugin
2024-05-17 02:31:31,850 [INFO] PluginManager:217 - loadIPPluginJar : add comp
2024-05-17 02:31:31,852 [INFO] IPUIPlugin:79 - create IPUIPlugin
2024-05-17 02:31:31,852 [INFO] PluginManager:217 - loadIPPluginJar : add cryp
2024-05-17 02:31:31,853 [INFO] IPUIPlugin:79 - create IPUIPlugin
2024-05-17 02:31:31,853 [INFO] PluginManager:217 - loadIPPluginJar : add dfsdm
2024-05-17 02:31:31,857 [INFO] IPUIPlugin:79 - create IPUIPlugin
2024-05-17 02:31:31,858 [INFO] PluginManager:217 - loadIPPluginJar : add dma
2024-05-17 02:31:31,859 [INFO] IPUIPlugin:79 - create IPUIPlugin
2024-05-17 02:31:31,859 [INFO] PluginManager:217 - loadIPPluginJar : add dma3
2024-05-17 02:31:31,860 [INFO] IPUIPlugin:79 - create IPUIPlugin
2024-05-17 02:31:31,860 [INFO] PluginManager:217 - loadIPPluginJar : add fatfs
2024-05-17 02:31:31,863 [INFO] IPUIPlugin:79 - create IPUIPlugin
2024-05-17 02:31:31,863 [INFO] PluginManager:217 - loadIPPluginJar : add fmc
2024-05-17 02:31:31,867 [INFO] IPUIPlugin:79 - create IPUIPlugin
2024-05-17 02:31:31,867 [INFO] PluginManager:217 - loadIPPluginJar : add freertos
2024-05-17 02:31:31,868 [INFO] IPUIPlugin:79 - create IPUIPlugin
2024-05-17 02:31:31,868 [INFO] PluginManager:217 - loadIPPluginJar : add genericplugin
2024-05-17 02:31:31,870 [INFO] IPUIPlugin:79 - create IPUIPlugin
2024-05-17 02:31:31,870 [INFO] PluginManager:217 - loadIPPluginJar : add gfxmmu
2024-05-17 02:31:31,873 [INFO] IPUIPlugin:79 - create IPUIPlugin
2024-05-17 02:31:31,873 [INFO] PluginManager:217 - loadIPPluginJar : add gic
2024-05-17 02:31:31,875 [INFO] IPUIPlugin:79 - create IPUIPlugin
2024-05-17 02:31:31,875 [INFO] PluginManager:217 - loadIPPluginJar : add gpio
2024-05-17 02:31:31,876 [INFO] IPUIPlugin:79 - create IPUIPlugin
2024-05-17 02:31:31,877 [INFO] PluginManager:217 - loadIPPluginJar : add gtzc
2024-05-17 02:31:31,878 [INFO] IPUIPlugin:79 - create IPUIPlugin
2024-05-17 02:31:31,878 [INFO] PluginManager:217 - loadIPPluginJar : add hash
2024-05-17 02:31:31,880 [INFO] IPUIPlugin:79 - create IPUIPlugin
2024-05-17 02:31:31,880 [INFO] PluginManager:217 - loadIPPluginJar : add i2c
2024-05-17 02:31:31,881 [INFO] IPUIPlugin:79 - create IPUIPlugin
2024-05-17 02:31:31,881 [INFO] PluginManager:217 - loadIPPluginJar : add i2s
2024-05-17 02:31:31,883 [INFO] IPUIPlugin:79 - create IPUIPlugin
2024-05-17 02:31:31,883 [INFO] PluginManager:217 - loadIPPluginJar : add ipddr
2024-05-17 02:31:31,887 [INFO] IPUIPlugin:79 - create IPUIPlugin
2024-05-17 02:31:31,888 [INFO] PluginManager:217 - loadIPPluginJar : add linkedlist
2024-05-17 02:31:31,889 [INFO] IPUIPlugin:79 - create IPUIPlugin
2024-05-17 02:31:31,889 [INFO] PluginManager:217 - loadIPPluginJar : add lorawan
2024-05-17 02:31:31,890 [INFO] IPUIPlugin:79 - create IPUIPlugin
2024-05-17 02:31:31,890 [INFO] PluginManager:217 - loadIPPluginJar : add ltdc
2024-05-17 02:31:31,894 [INFO] IPUIPlugin:79 - create IPUIPlugin
2024-05-17 02:31:31,894 [INFO] PluginManager:217 - loadIPPluginJar : add mdma
2024-05-17 02:31:31,896 [INFO] IPUIPlugin:79 - create IPUIPlugin
2024-05-17 02:31:31,896 [INFO] PluginManager:217 - loadIPPluginJar : add nvic
2024-05-17 02:31:31,898 [INFO] IPUIPlugin:79 - create IPUIPlugin
2024-05-17 02:31:31,898 [INFO] PluginManager:217 - loadIPPluginJar : add opamp
2024-05-17 02:31:31,900 [INFO] IPUIPlugin:79 - create IPUIPlugin
2024-05-17 02:31:31,900 [INFO] PluginManager:217 - loadIPPluginJar : add openamp
2024-05-17 02:31:31,902 [INFO] IPUIPlugin:79 - create IPUIPlugin
2024-05-17 02:31:31,902 [INFO] PluginManager:217 - loadIPPluginJar : add pdm2pcm
2024-05-17 02:31:31,906 [INFO] IPUIPlugin:79 - create IPUIPlugin
2024-05-17 02:31:31,908 [INFO] PluginManager:217 - loadIPPluginJar : add plateformsettings
2024-05-17 02:31:31,909 [INFO] IPUIPlugin:79 - create IPUIPlugin
2024-05-17 02:31:31,909 [INFO] PluginManager:217 - loadIPPluginJar : add quadspi
2024-05-17 02:31:31,911 [INFO] IPUIPlugin:79 - create IPUIPlugin
2024-05-17 02:31:31,911 [INFO] PluginManager:217 - loadIPPluginJar : add resmgrutility
2024-05-17 02:31:31,913 [INFO] IPUIPlugin:79 - create IPUIPlugin
2024-05-17 02:31:31,913 [INFO] PluginManager:217 - loadIPPluginJar : add sai
2024-05-17 02:31:31,914 [INFO] IPUIPlugin:79 - create IPUIPlugin
2024-05-17 02:31:31,914 [INFO] PluginManager:217 - loadIPPluginJar : add spi
2024-05-17 02:31:31,917 [INFO] IPUIPlugin:79 - create IPUIPlugin
2024-05-17 02:31:31,917 [INFO] PluginManager:217 - loadIPPluginJar : add stm32_wpan
2024-05-17 02:31:31,918 [INFO] IPUIPlugin:79 - create IPUIPlugin
2024-05-17 02:31:31,918 [INFO] PluginManager:217 - loadIPPluginJar : add tim
2024-05-17 02:31:31,920 [INFO] IPUIPlugin:79 - create IPUIPlugin
2024-05-17 02:31:31,920 [INFO] PluginManager:217 - loadIPPluginJar : add touchsensing
2024-05-17 02:31:31,921 [INFO] IPUIPlugin:79 - create IPUIPlugin
2024-05-17 02:31:31,921 [INFO] PluginManager:217 - loadIPPluginJar : add tracer_emb
2024-05-17 02:31:31,923 [INFO] IPUIPlugin:79 - create IPUIPlugin
2024-05-17 02:31:31,923 [INFO] PluginManager:217 - loadIPPluginJar : add ts
2024-05-17 02:31:31,924 [INFO] IPUIPlugin:79 - create IPUIPlugin
2024-05-17 02:31:31,924 [INFO] PluginManager:217 - loadIPPluginJar : add tsc
2024-05-17 02:31:31,925 [INFO] IPUIPlugin:79 - create IPUIPlugin
2024-05-17 02:31:31,925 [INFO] PluginManager:217 - loadIPPluginJar : add ucpd
2024-05-17 02:31:31,927 [INFO] IPUIPlugin:79 - create IPUIPlugin
2024-05-17 02:31:31,927 [INFO] PluginManager:217 - loadIPPluginJar : add usart
2024-05-17 02:31:31,929 [INFO] IPUIPlugin:79 - create IPUIPlugin
2024-05-17 02:31:31,929 [INFO] PluginManager:217 - loadIPPluginJar : add usbx
2024-05-17 02:31:32,130 [FATAL] Updater:301 - Updater called before beeing initialized
2024-05-17 02:31:32,211 [FATAL] Updater:301 - Updater called before beeing initialized
2024-05-17 02:31:32,216 [INFO] DbMcusAds:52 - JSON generation date=Thu May 02 03:37:29 CDT 2024 (1714639049318)
2024-05-17 02:31:32,216 [FATAL] Updater:301 - Updater called before beeing initialized
2024-05-17 02:31:32,240 [WARN] DetailPanel:344 - Failed to get advertising image, set to default
2024-05-17 02:31:32,333 [FATAL] Updater:301 - Updater called before beeing initialized
2024-05-17 02:31:32,335 [FATAL] Updater:301 - Updater called before beeing initialized
2024-05-17 02:31:32,335 [FATAL] Updater:301 - Updater called before beeing initialized
2024-05-17 02:31:32,335 [WARN] DetailPanel:344 - Failed to get advertising image, set to default
2024-05-17 02:31:32,336 [FATAL] Updater:301 - Updater called before beeing initialized
2024-05-17 02:31:32,368 [ERROR] Updater:1105 - MainUpdater not yet initialized. External WinMGr cannot be set.
2024-05-17 02:31:32,369 [INFO] Updater:1041 - Updater Version found : 6.6.1
2024-05-17 02:31:32,381 [INFO] ApplicationProperties:181 - Using Application install path: C:\ST\STM32CubeIDE_1.9.0\STM32CubeIDE\plugins\com.st.stm32cube.common.mx_6.6.1.202207061420
2024-05-17 02:31:32,602 [INFO] MainUpdater:2768 - connection check result : 10
2024-05-17 02:31:32,603 [INFO] MainUpdater:280 - Updater Check For Update Now.
2024-05-17 02:31:32,603 [INFO] MicroXplorer:481 - Change Database Version : DB.6.0.60
2024-05-17 02:31:32,749 [INFO] CheckServerUpdateThread:119 - End of CheckServer Thread
2024-05-17 02:31:32,810 [INFO] MainUpdater:2768 - connection check result : 10
2024-05-17 02:31:32,950 [INFO] McuFinderGlobals:57 - Set McuFinderConnectedMode to true
2024-05-17 02:31:32,955 [INFO] MultiScanPanel:195 - Auto-refresh data requested => check proxy status ongoing
2024-05-17 02:31:32,957 [INFO] FinderPluginLoader:92 - Searching for filters in installed packs
2024-05-17 02:31:33,022 [INFO] ApiDb:576 - Connected to CubeFinder SQLite database (C:\Users\arath\.stmcufinder\plugins\mcufinder\mcu\cube-finder-db.db)
2024-05-17 02:31:33,074 [INFO] ApiDb:663 - CubeFinder database Data Model version=2.1
2024-05-17 02:31:33,074 [INFO] ApiDb:664 - CubeFinder database Configuration version=3.0.39
2024-05-17 02:31:33,074 [INFO] ApiDb:665 - CubeFinder database generation date=2024-04-15 (1713193726)
2024-05-17 02:31:33,075 [INFO] ApiDb:666 - CubeFinder database FW Pack versions=[FP-ATR-ASTRA1_V2.0.0, FP-SNS-FLIGHT1_V5.0.1, FP-SNS-FLIGHT1_V5.0.2, FP-SNS-MOTENV1_V4.3.1, FP-SNS-MOTENV1_V4.3.2, FP-SNS-MOTENVWB1_V1.3.1, FP-SNS-SMARTAG2_V1.2.0, STM32Cube_FW_C0_V1.1.0, STM32Cube_FW_F4_V1.28.0, STM32Cube_FW_F7_V1.17.0, STM32Cube_FW_G0_V1.6.2, STM32Cube_FW_G4_V1.5.2, STM32Cube_FW_H5_V0.5.1, STM32Cube_FW_H5_V1.1.1, STM32Cube_FW_H5_V1.2.0, STM32Cube_FW_H5_V1.2.0RC4, STM32Cube_FW_H7RS_V1.0.0, STM32Cube_FW_H7RS_V1.0.0RC4, STM32Cube_FW_H7_V1.11.0, STM32Cube_FW_L0_V1.12.2, STM32Cube_FW_L5_V1.5.1, STM32Cube_FW_U0_V1.0.0, STM32Cube_FW_U0_V1.0.0RC1, STM32Cube_FW_U5_V1.3.0RC4, STM32Cube_FW_U5_V1.5.0, STM32Cube_FW_U5_V1.5.0RC1, STM32Cube_FW_WBA_V1.0.0RC1, STM32Cube_FW_WBA_V1.2.0, STM32Cube_FW_WBA_V1.2.0RC2, STM32Cube_FW_WBA_V1.3.0, STM32Cube_FW_WBA_V1.3.0RC1, STM32Cube_FW_WB_V1.15.0RC1, STM32Cube_FW_WB_V1.16.0, STM32Cube_FW_WB_V1.16.0RC2, STM32Cube_FW_WB_V1.18.0, STM32Cube_FW_WB_V1.19.0, STM32Cube_FW_WL_V1.3.0, X-CUBE-ALGOBUILD_V1.3.0, X-CUBE-ALS_V1.0.1, X-CUBE-AZRTOS-F4_V1.1.0, X-CUBE-AZRTOS-F7_V1.1.0, X-CUBE-AZRTOS-G0_V1.1.0, X-CUBE-AZRTOS-G4_V2.0.0, X-CUBE-AZRTOS-H7_V3.2.0, X-CUBE-AZRTOS-L4_V1.0.0, X-CUBE-AZRTOS-L4_V2.0.0, X-CUBE-AZRTOS-L5_V1.1.0, X-CUBE-AZRTOS-WB_V2.0.0, X-CUBE-AZRTOS-WL_V2.0.0, X-CUBE-BLE1_V7.0.0, X-CUBE-BLE2_V3.3.0, X-CUBE-BLEMGR_V3.1.0, X-CUBE-EEPRMA1_V4.1.0, X-CUBE-EEPRMA1_V5.1.0, X-CUBE-FREERTOS_V1.1.0, X-CUBE-GNSS1_V6.0.0, X-CUBE-MEMS1_V10.0.0, X-CUBE-MEMS1_V9.1.0, X-CUBE-MEMS1_V9.4.0, X-CUBE-MEMS1_V9.6.0, X-CUBE-NFC4_V3.0.0, X-CUBE-NFC7_V1.0.1, X-CUBE-SFXS2LP1_V4.0.0, X-CUBE-SUBG2_V5.0.0, X-CUBE-TOF1_V3.4.0]
2024-05-17 02:31:34,487 [INFO] ApiDb:239 - Found 138 in-development CPN: [B-WB1M-WPAN1, NUCLEO-C031C6, STEVAL-STWINBX1, STM320518-EVAL, STM32C0116-DK, STM32C011D6Y3TR, STM32C011D6Y6TR, STM32C011F4P3, STM32C011F4P6, STM32C011F4U3, STM32C011F4U6TR, STM32C011F6P3, STM32C011F6P6, STM32C011F6U3, STM32C011F6U6TR, STM32C011J4M3, STM32C011J4M6, STM32C011J6M3, STM32C011J6M6, STM32C0316-DK, STM32C031C4T3, STM32C031C4T6, STM32C031C4U3, STM32C031C4U6, STM32C031C6T3, STM32C031C6T6, STM32C031C6U3, STM32C031C6U6, STM32C031F4P3, STM32C031F4P6, STM32C031F6P3, STM32C031F6P6, STM32C031G4U3, STM32C031G4U6, STM32C031G6U3, STM32C031G6U6, STM32C031K4T3, STM32C031K4T6, STM32C031K4U3, STM32C031K4U6, STM32C031K6T3, STM32C031K6T6, STM32C031K6U3, STM32C031K6U6, STM32G071K8TXN, STM32G071K8UXN, STM32G081GBU6N, STM32G081KBT6N, STM32G081KBUXN, STM32G0B1CCT6N, STM32G0B1KCT6, STM32G0B1NEY6TR, STM32G0B1RCT6N, STM32G0C1CCT6, STM32G0C1CCT6N, STM32G0C1CCU6N, STM32G0C1CET6N, STM32G0C1CEU6N, STM32G0C1KCT6, STM32G0C1NEY6TR, STM32G0C1RCI6N, STM32G0C1RCT6N, STM32G0C1REI6N, STM32G0C1RET6N, STM32G0C1VCI6, STM32G0C1VEI6, STM32G471CCT6, STM32G471CCU6, STM32G471CET3, STM32G471CET6, STM32G471CEU3, STM32G471CEU6, STM32G471MCT6, STM32G471MET3, STM32G471MET6, STM32G471MEY6TR, STM32G471QCT6, STM32G471QET3, STM32G471RCT6, STM32G471RET3, STM32G471RET6, STM32G471VCH6, STM32G471VCI6, STM32G471VCT6, STM32G471VEH3, STM32G471VEH6, STM32G471VEI3, STM32G471VEI6, STM32G471VET3, STM32G471VET6, STM32G474CCT6, STM32L476VGY6PTR, STM32L4R5QGI6STR, STM32MP131AAE3, STM32MP131AAF3, STM32MP131AAG3, STM32MP131CAE3, STM32MP131CAF3, STM32MP131CAG3, STM32MP131DAE7, STM32MP131DAF7, STM32MP131DAG7, STM32MP131FAE7, STM32MP131FAF7, STM32MP131FAG7, STM32MP133AAE3, STM32MP133AAF3, STM32MP133AAG3, STM32MP133CAE3, STM32MP133CAF3, STM32MP133CAG3, STM32MP133DAE7, STM32MP133DAF7, STM32MP133DAG7, STM32MP133FAE7, STM32MP133FAF7, STM32MP133FAG7, STM32MP135AAE3, STM32MP135AAF3, STM32MP135AAG3, STM32MP135CAE3, STM32MP135CAF3, STM32MP135CAG3, STM32MP135DAE7, STM32MP135DAF7, STM32MP135DAG7, STM32MP135F-DK, STM32MP135FAE7, STM32MP135FAF7, STM32MP135FAG7, STM32U595ZJT6Q, STM32U599BJY6QTR, STM32U599NIH6Q, STM32U599NJH6Q, STM32U5A5ZJT6Q, STM32U5A9BJY6QTR, STM32U5A9NJH6Q, STM32WB1MMCH6]
2024-05-17 02:31:34,490 [INFO] DbMcus:215 - Found 4063 MCUs, 4063 are supported
2024-05-17 02:31:34,492 [INFO] ApiDb:418 - Load user favorites file C:\Users\arath/.stm32cubeide/favorites.mcus.txt: 1 item(s)
2024-05-17 02:31:34,492 [INFO] ApiDb:422 - User favorites MCUs=[STM32F103C8T6]
2024-05-17 02:31:34,492 [INFO] DbMcus:221 - Set 1 / 1 favorites MCUs
2024-05-17 02:31:34,663 [WARN] PackLoader:242 - Cannot read IP mode file for wolfSSL.I-CUBE-wolfSSL.5.2.0
2024-05-17 02:31:34,670 [WARN] PackLoader:242 - Cannot read IP mode file for STMicroelectronics.FP-SNS-MOTENVWB1.1.4.0
2024-05-17 02:31:34,678 [WARN] PackLoader:242 - Cannot read IP mode file for STMicroelectronics.X-CUBE-SMBUS.2.1.0
2024-05-17 02:31:34,683 [WARN] PackLoader:242 - Cannot read IP mode file for STMicroelectronics.X-CUBE-TOUCHGFX.4.23.0
2024-05-17 02:31:34,724 [WARN] PackLoader:242 - Cannot read IP mode file for STMicroelectronics.X-CUBE-MEMS1.9.2.0
2024-05-17 02:31:34,826 [WARN] PackLoader:242 - Cannot read IP mode file for STMicroelectronics.X-CUBE-TOUCHGFX.4.23.2
2024-05-17 02:31:34,840 [WARN] PackLoader:242 - Cannot read IP mode file for STMicroelectronics.X-CUBE-AZRTOS-F7.1.1.0
2024-05-17 02:31:34,846 [WARN] PackLoader:242 - Cannot read IP mode file for STMicroelectronics.X-CUBE-AI.7.1.0
2024-05-17 02:31:34,849 [WARN] PackLoader:242 - Cannot read IP mode file for STMicroelectronics.X-CUBE-TOUCHGFX.4.19.1
2024-05-17 02:31:34,852 [ERROR] RealEvaluatedCondition:433 - Found unsupported composite condition: CLASS='Data Exchange' GROUP='STM32_MetaDataManager'
2024-05-17 02:31:34,852 [ERROR] RealEvaluatedCondition:433 - Found unsupported composite condition: CLASS='Data Exchange' GROUP='STM32_MetaDataManager'
2024-05-17 02:31:34,852 [WARN] PackLoader:242 - Cannot read IP mode file for STMicroelectronics.FP-SNS-MOTENV1.4.3.0
2024-05-17 02:31:34,855 [WARN] PackLoader:242 - Cannot read IP mode file for STMicroelectronics.FP-SNS-MOTENV1.4.3.2
2024-05-17 02:31:34,859 [WARN] PackLoader:242 - Cannot read IP mode file for STMicroelectronics.FP-SNS-FLIGHT1.5.0.0
2024-05-17 02:31:34,862 [WARN] PackLoader:242 - Cannot read IP mode file for STMicroelectronics.FP-SNS-FLIGHT1.5.0.1
2024-05-17 02:31:34,865 [WARN] PackLoader:242 - Cannot read IP mode file for STMicroelectronics.X-CUBE-BLE1.6.2.3
2024-05-17 02:31:34,868 [WARN] PackLoader:242 - Cannot read IP mode file for STMicroelectronics.X-CUBE-BLE1.6.2.4
2024-05-17 02:31:34,873 [WARN] PackLoader:242 - Cannot read IP mode file for STMicroelectronics.FP-SNS-FLIGHT1.5.0.2
2024-05-17 02:31:34,876 [WARN] PackLoader:242 - Cannot read IP mode file for STMicroelectronics.X-CUBE-BLE2.3.2.2
2024-05-17 02:31:34,878 [WARN] PackLoader:242 - Cannot read IP mode file for STMicroelectronics.X-CUBE-TOUCHGFX.4.19.0
2024-05-17 02:31:34,883 [WARN] PackLoader:242 - Cannot read IP mode file for STMicroelectronics.X-CUBE-TOF1.3.1.0
2024-05-17 02:31:34,890 [WARN] PackLoader:242 - Cannot read IP mode file for STMicroelectronics.X-CUBE-DISPLAY.3.0.0
2024-05-17 02:31:34,896 [WARN] PackLoader:242 - Cannot read IP mode file for STMicroelectronics.X-CUBE-BLE1.7.0.0
2024-05-17 02:31:34,900 [WARN] PackLoader:242 - Cannot read IP mode file for STMicroelectronics.X-CUBE-TOUCHGFX.4.22.0
2024-05-17 02:31:34,905 [WARN] PackLoader:242 - Cannot read IP mode file for STMicroelectronics.X-CUBE-SUBG2.4.2.0
2024-05-17 02:31:34,931 [WARN] PackLoader:242 - Cannot read IP mode file for STMicroelectronics.X-CUBE-MEMS1.9.3.0
2024-05-17 02:31:35,014 [WARN] PackLoader:242 - Cannot read IP mode file for STMicroelectronics.X-CUBE-AI.7.2.0
2024-05-17 02:31:35,020 [WARN] PackLoader:242 - Cannot read IP mode file for STMicroelectronics.X-CUBE-BLEMGR.3.1.0
2024-05-17 02:31:35,024 [WARN] PackLoader:242 - Cannot read IP mode file for STMicroelectronics.FP-SNS-SMARTAG2.1.2.0
2024-05-17 02:31:35,032 [INFO] LogOutputStream:76 - [STDOUT_REDIRECT] 1 : Invalid condition id : UX_CORESTACK_Condition cause : null
2024-05-17 02:31:35,032 [INFO] LogOutputStream:76 - [STDOUT_REDIRECT] 1 : Invalid condition id : UX_CORESTACK_Condition cause : null
2024-05-17 02:31:35,033 [INFO] LogOutputStream:76 - [STDOUT_REDIRECT] 1 : Invalid condition id : UX_CORESTACK_Condition cause : null
2024-05-17 02:31:35,034 [INFO] LogOutputStream:76 - [STDOUT_REDIRECT] 1 : Invalid condition id : UX_CORESTACK_Condition cause : null
2024-05-17 02:31:35,034 [INFO] LogOutputStream:76 - [STDOUT_REDIRECT] 1 : Invalid condition id : UX_CORESTACK_Condition cause : null
2024-05-17 02:31:35,037 [WARN] PackLoader:242 - Cannot read IP mode file for STMicroelectronics.X-CUBE-AZRTOS-WL.2.0.0
2024-05-17 02:31:35,040 [WARN] PackLoader:242 - Cannot read IP mode file for STMicroelectronics.FP-SNS-MOTENV1.5.0.0
2024-05-17 02:31:35,046 [WARN] PackLoader:242 - Cannot read IP mode file for WES.I-CUBE-Cesium.1.3.0
2024-05-17 02:31:35,049 [WARN] PackLoader:242 - Cannot read IP mode file for STMicroelectronics.X-CUBE-BLE2.3.3.0
2024-05-17 02:31:35,052 [WARN] PackLoader:242 - Cannot read IP mode file for STMicroelectronics.X-CUBE-DISPLAY.2.2.0
2024-05-17 02:31:35,059 [WARN] PackLoader:242 - Cannot read IP mode file for STMicroelectronics.X-CUBE-TOF1.3.2.0
2024-05-17 02:31:35,064 [WARN] PackLoader:242 - Cannot read IP mode file for STMicroelectronics.X-CUBE-ISPU.1.0.0
2024-05-17 02:31:35,074 [WARN] PackLoader:242 - Cannot read IP mode file for STMicroelectronics.X-CUBE-AZRTOS-H7.2.1.0
2024-05-17 02:31:35,080 [WARN] PackLoader:242 - Cannot read IP mode file for STMicroelectronics.X-CUBE-TCPP.4.1.0
2024-05-17 02:31:35,083 [WARN] PackLoader:242 - Cannot read IP mode file for STMicroelectronics.X-CUBE-TOUCHGFX.4.21.4
2024-05-17 02:31:35,085 [WARN] PackLoader:242 - Cannot read IP mode file for STMicroelectronics.X-CUBE-AI.7.3.0
2024-05-17 02:31:35,098 [WARN] PackLoader:242 - Cannot read IP mode file for STMicroelectronics.X-CUBE-ALGOBUILD.1.3.0
2024-05-17 02:31:35,107 [WARN] PackLoader:242 - Cannot read IP mode file for STMicroelectronics.X-CUBE-AZRTOS-G0.1.1.0
2024-05-17 02:31:35,112 [WARN] PackLoader:242 - Cannot read IP mode file for STMicroelectronics.X-CUBE-SAFEA1.1.2.2
2024-05-17 02:31:35,116 [WARN] PackLoader:242 - Cannot read IP mode file for STMicroelectronics.X-CUBE-NFC4.3.0.0
2024-05-17 02:31:35,138 [WARN] PackLoader:242 - Cannot read IP mode file for SEGGER.I-CUBE-embOS.1.2.0
2024-05-17 02:31:35,154 [WARN] PackLoader:242 - Cannot read IP mode file for STMicroelectronics.X-CUBE-DISPLAY.2.1.0
2024-05-17 02:31:35,159 [WARN] PackLoader:242 - Cannot read IP mode file for STMicroelectronics.X-CUBE-BLEMGR.3.0.0
2024-05-17 02:31:35,169 [WARN] PackLoader:242 - Cannot read IP mode file for STMicroelectronics.X-CUBE-AZRTOS-H7.2.0.0
2024-05-17 02:31:35,174 [WARN] PackLoader:242 - Cannot read IP mode file for STMicroelectronics.FP-ATR-SIGFOX1.3.2.0
2024-05-17 02:31:35,178 [WARN] PackLoader:242 - Cannot read IP mode file for STMicroelectronics.X-CUBE-EEPRMA1.5.1.0
2024-05-17 02:31:35,183 [WARN] PackLoader:242 - Cannot read IP mode file for emotas.I-CUBE-CANOPEN.1.1.2
2024-05-17 02:31:35,185 [WARN] PackLoader:242 - Cannot read IP mode file for STMicroelectronics.X-CUBE-TOUCHGFX.4.20.0
2024-05-17 02:31:35,209 [WARN] PackLoader:242 - Cannot read IP mode file for SEGGER.I-CUBE-embOS.1.3.1
2024-05-17 02:31:35,227 [WARN] PackLoader:242 - Cannot read IP mode file for STMicroelectronics.X-CUBE-ALGOBUILD.1.4.0
2024-05-17 02:31:35,231 [WARN] PackLoader:242 - Cannot read IP mode file for STMicroelectronics.X-CUBE-DISPLAY.2.0.1
2024-05-17 02:31:35,235 [WARN] PackLoader:242 - Cannot read IP mode file for STMicroelectronics.X-CUBE-TOF1.3.0.0
2024-05-17 02:31:35,238 [WARN] PackLoader:242 - Cannot read IP mode file for STMicroelectronics.X-CUBE-GNSS1.6.0.0
2024-05-17 02:31:35,247 [WARN] PackLoader:242 - Cannot read IP mode file for STMicroelectronics.X-CUBE-AZRTOS-F4.1.1.0
2024-05-17 02:31:35,253 [WARN] PackLoader:242 - Cannot read IP mode file for STMicroelectronics.X-CUBE-FREERTOS.1.2.0
2024-05-17 02:31:35,257 [WARN] PackLoader:242 - Cannot read IP mode file for STMicroelectronics.X-CUBE-BLEMGR.1.2.0
2024-05-17 02:31:35,266 [WARN] PackLoader:242 - Cannot read IP mode file for STMicroelectronics.X-CUBE-AZRTOS-L5.2.0.0
2024-05-17 02:31:35,300 [WARN] PackLoader:242 - Cannot read IP mode file for STMicroelectronics.X-CUBE-MEMS1.9.6.0
2024-05-17 02:31:35,400 [WARN] PackLoader:242 - Cannot read IP mode file for STMicroelectronics.X-CUBE-EEPRMA1.4.2.0
2024-05-17 02:31:35,413 [WARN] PackLoader:242 - Cannot read IP mode file for STMicroelectronics.X-CUBE-NFC6.3.1.0
2024-05-17 02:31:35,418 [WARN] PackLoader:242 - Cannot read IP mode file for ITTIA_DB.I-CUBE-ITTIADB.8.8.0
2024-05-17 02:31:35,424 [WARN] PackLoader:242 - Cannot read IP mode file for STMicroelectronics.X-CUBE-BLEMGR.2.0.0
2024-05-17 02:31:35,428 [WARN] PackLoader:242 - Cannot read IP mode file for STMicroelectronics.X-CUBE-NFC4.2.0.5
2024-05-17 02:31:35,432 [WARN] PackLoader:242 - Cannot read IP mode file for STMicroelectronics.X-CUBE-NFC4.2.0.4
2024-05-17 02:31:35,435 [WARN] PackLoader:242 - Cannot read IP mode file for STMicroelectronics.X-CUBE-NFC4.2.0.3
2024-05-17 02:31:35,437 [WARN] PackLoader:242 - Cannot read IP mode file for STMicroelectronics.X-CUBE-AI.9.0.0
2024-05-17 02:31:35,446 [WARN] ConditionMgr:437 - getConditionDescription Invalid condition id : UX DEVICE CLASS RTOS Condition cause : null
2024-05-17 02:31:35,446 [WARN] ConditionMgr:437 - getConditionDescription Invalid condition id : UX DEVICE CLASS RTOS Condition cause : null
2024-05-17 02:31:35,448 [WARN] PackLoader:242 - Cannot read IP mode file for STMicroelectronics.X-CUBE-AZRTOS-H7.3.1.0
2024-05-17 02:31:35,448 [WARN] ConditionMgr:1038 - genDependencies : Invalid condition id : UX DEVICE CLASS RTOS Condition cause : null
2024-05-17 02:31:35,448 [WARN] ConditionMgr:1038 - genDependencies : Invalid condition id : UX DEVICE CLASS RTOS Condition cause : null
2024-05-17 02:31:35,448 [WARN] ConditionMgr:1038 - genDependencies : Invalid condition id : UX DEVICE CLASS RTOS Condition cause : null
2024-05-17 02:31:35,449 [WARN] ConditionMgr:1038 - genDependencies : Invalid condition id : UX DEVICE CLASS RTOS Condition cause : null
2024-05-17 02:31:35,449 [WARN] ConditionMgr:1038 - genDependencies : Invalid condition id : UX DEVICE CLASS RTOS Condition cause : null
2024-05-17 02:31:35,453 [WARN] PackLoader:242 - Cannot read IP mode file for STMicroelectronics.X-CUBE-SFXS2LP1.3.1.0
2024-05-17 02:31:35,461 [WARN] PackLoader:242 - Cannot read IP mode file for STMicroelectronics.X-CUBE-AZRTOS-F4.1.0.0
2024-05-17 02:31:35,468 [WARN] PackLoader:242 - Cannot read IP mode file for STMicroelectronics.X-CUBE-NFC7.1.0.1
2024-05-17 02:31:35,471 [WARN] PackLoader:242 - Cannot read IP mode file for STMicroelectronics.X-CUBE-NFC7.1.0.0
2024-05-17 02:31:35,475 [WARN] PackLoader:242 - Cannot read IP mode file for STMicroelectronics.X-CUBE-NFC6.3.0.0
2024-05-17 02:31:35,482 [WARN] PackLoader:242 - Cannot read IP mode file for STMicroelectronics.X-CUBE-EEPRMA1.4.1.0
2024-05-17 02:31:35,485 [WARN] PackLoader:242 - Cannot read IP mode file for STMicroelectronics.X-CUBE-AI.8.1.0
2024-05-17 02:31:35,491 [WARN] PackLoader:242 - Cannot read IP mode file for STMicroelectronics.X-CUBE-AZRTOS-G0.1.0.0
2024-05-17 02:31:35,502 [WARN] ConditionMgr:437 - getConditionDescription Invalid condition id : LAN8742 Phy interface Condition cause : null
2024-05-17 02:31:35,502 [WARN] PackLoader:242 - Cannot read IP mode file for STMicroelectronics.X-CUBE-AZRTOS-L4.2.0.0
2024-05-17 02:31:35,503 [WARN] ConditionMgr:1038 - genDependencies : Invalid condition id : LAN8742 Phy interface Condition cause : null
2024-05-17 02:31:35,503 [WARN] ConditionMgr:1038 - genDependencies : Invalid condition id : LAN8742 Phy interface Condition cause : null
2024-05-17 02:31:35,503 [WARN] ConditionMgr:1038 - genDependencies : Invalid condition id : LAN8742 Phy interface Condition cause : null
2024-05-17 02:31:35,507 [WARN] PackLoader:242 - Cannot read IP mode file for STMicroelectronics.X-CUBE-SFXS2LP1.4.0.0
2024-05-17 02:31:35,509 [WARN] PackLoader:242 - Cannot read IP mode file for STMicroelectronics.X-CUBE-ISPU.1.1.0
2024-05-17 02:31:35,516 [WARN] PackLoader:242 - Cannot read IP mode file for RoweBots.I-CUBE-UNISONRTOS.5.5.0-4
2024-05-17 02:31:35,527 [WARN] ConditionMgr:437 - getConditionDescription Invalid condition id : UX DEVICE CLASS RTOS Condition cause : null
2024-05-17 02:31:35,527 [WARN] ConditionMgr:437 - getConditionDescription Invalid condition id : UX DEVICE CLASS RTOS Condition cause : null
2024-05-17 02:31:35,528 [WARN] PackLoader:242 - Cannot read IP mode file for STMicroelectronics.X-CUBE-AZRTOS-WB.2.0.0
2024-05-17 02:31:35,528 [WARN] ConditionMgr:1038 - genDependencies : Invalid condition id : UX DEVICE CLASS RTOS Condition cause : null
2024-05-17 02:31:35,528 [WARN] ConditionMgr:1038 - genDependencies : Invalid condition id : UX DEVICE CLASS RTOS Condition cause : null
2024-05-17 02:31:35,529 [WARN] ConditionMgr:1038 - genDependencies : Invalid condition id : UX DEVICE CLASS RTOS Condition cause : null
2024-05-17 02:31:35,529 [WARN] ConditionMgr:1038 - genDependencies : Invalid condition id : UX DEVICE CLASS RTOS Condition cause : null
2024-05-17 02:31:35,529 [WARN] ConditionMgr:1038 - genDependencies : Invalid condition id : UX DEVICE CLASS RTOS Condition cause : null
2024-05-17 02:31:35,532 [WARN] PackLoader:242 - Cannot read IP mode file for STMicroelectronics.X-CUBE-FREERTOS.1.0.1
2024-05-17 02:31:35,535 [WARN] PackLoader:242 - Cannot read IP mode file for STMicroelectronics.X-CUBE-BLEMGR.1.0.0
2024-05-17 02:31:35,550 [WARN] PackLoader:242 - Cannot read IP mode file for STMicroelectronics.X-CUBE-AZRTOS-L5.1.1.0
2024-05-17 02:31:35,555 [WARN] PackLoader:242 - Cannot read IP mode file for STMicroelectronics.X-CUBE-AI.8.0.1
2024-05-17 02:31:35,562 [WARN] PackLoader:242 - Cannot read IP mode file for STMicroelectronics.X-CUBE-SUBG2.5.0.0
2024-05-17 02:31:35,580 [WARN] PackLoader:242 - Cannot read IP mode file for STMicroelectronics.X-CUBE-AZRTOS-G4.2.0.0
2024-05-17 02:31:35,597 [WARN] PackLoader:242 - Cannot read IP mode file for STMicroelectronics.X-CUBE-TOF1.3.3.0
2024-05-17 02:31:35,606 [WARN] PackLoader:242 - Cannot read IP mode file for STMicroelectronics.FP-ATR-ASTRA1.1.1.1
2024-05-17 02:31:35,614 [WARN] PackLoader:242 - Cannot read IP mode file for Infineon.AIROC-Wi-Fi-Bluetooth-STM32.1.5.1
2024-05-17 02:31:35,619 [WARN] PackLoader:242 - Cannot read IP mode file for STMicroelectronics.FP-SNS-MOTENVWB1.1.3.1
2024-05-17 02:31:35,631 [WARN] PackLoader:242 - Cannot read IP mode file for STMicroelectronics.X-CUBE-AZRTOS-G4.1.0.0
2024-05-17 02:31:35,649 [WARN] PackLoader:242 - Cannot read IP mode file for STMicroelectronics.X-CUBE-AZRTOS-L4.1.0.0
2024-05-17 02:31:35,652 [WARN] PackLoader:242 - Cannot read IP mode file for STMicroelectronics.X-CUBE-ISPU.2.0.0
2024-05-17 02:31:35,671 [WARN] PackLoader:242 - Cannot read IP mode file for STMicroelectronics.X-CUBE-MEMS1.10.0.0
2024-05-17 02:31:35,679 [INFO] LoadUrlFilesThread:177 - End of LoadServerUrlFiles without Thread
2024-05-17 02:31:35,719 [INFO] DetailPanel:339 - Set advertising image to C:/Users/arath/STM32Cube/Repository/\en.prom-stm32h7rs-mcu-finder.png
2024-05-17 02:31:35,770 [WARN] PackLoader:242 - Cannot read IP mode file for STMicroelectronics.X-CUBE-FREERTOS.1.1.0
2024-05-17 02:31:35,783 [WARN] PackLoader:242 - Cannot read IP mode file for STMicroelectronics.X-CUBE-AZRTOS-F7.1.0.0
2024-05-17 02:31:35,792 [WARN] PackLoader:242 - Cannot read IP mode file for STMicroelectronics.X-CUBE-AZRTOS-WL.1.0.0
2024-05-17 02:31:35,825 [WARN] PackLoader:242 - Cannot read IP mode file for STMicroelectronics.X-CUBE-MEMS1.9.1.0
2024-05-17 02:31:35,887 [WARN] PackLoader:242 - Cannot read IP mode file for portGmbH.I-Cube-SoM-uGOAL.1.1.0
2024-05-17 02:31:35,889 [WARN] PackLoader:242 - Cannot read IP mode file for STMicroelectronics.X-CUBE-ALS.1.0.1
2024-05-17 02:31:35,907 [WARN] PackLoader:242 - Cannot read IP mode file for STMicroelectronics.X-CUBE-AZRTOS-WB.1.1.0
2024-05-17 02:31:35,918 [WARN] PackLoader:242 - Cannot read IP mode file for STMicroelectronics.X-CUBE-AZRTOS-L5.1.0.0
2024-05-17 02:31:35,922 [WARN] PackLoader:242 - Cannot read IP mode file for STMicroelectronics.X-CUBE-EEPRMA1.3.1.1
2024-05-17 02:31:35,932 [WARN] PackLoader:242 - Cannot read IP mode file for STMicroelectronics.X-CUBE-AZRTOS-H7RS.1.0.0
2024-05-17 02:31:35,936 [WARN] PackLoader:242 - Cannot read IP mode file for STMicroelectronics.X-CUBE-GNSS1.5.2.0
2024-05-17 02:31:35,937 [WARN] PackLoader:242 - Cannot read IP mode file for STMicroelectronics.FP-ATR-ASTRA1.2.0.0
2024-05-17 02:31:35,943 [WARN] PackLoader:242 - Cannot read IP mode file for STMicroelectronics.X-CUBE-TOF1.3.4.0
2024-05-17 02:31:35,966 [WARN] PackLoader:242 - Cannot read IP mode file for STMicroelectronics.X-CUBE-TOF1.3.4.1
2024-05-17 02:31:35,998 [WARN] PackLoader:242 - Cannot read IP mode file for STMicroelectronics.X-CUBE-AZRTOS-H7.3.2.0
2024-05-17 02:31:36,002 [INFO] ThirdParty:929 - Integrity check success = true
2024-05-17 02:31:36,002 [INFO] IntegrityCheckThread:98 - exiting critical section [integrity check]
2024-05-17 02:31:36,002 [INFO] IntegrityCheckThread:101 - End integrity checks thread
2024-05-17 02:31:36,146 [INFO] MultiScanPanel:778 - Auto Refresh Data is not needed
2024-05-17 02:31:36,153 [INFO] ApiDb:663 - CubeFinder database Data Model version=2.1
2024-05-17 02:31:36,153 [INFO] ApiDb:664 - CubeFinder database Configuration version=3.0.39
2024-05-17 02:31:36,153 [INFO] ApiDb:665 - CubeFinder database generation date=2024-04-15 (1713193726)
2024-05-17 02:31:36,153 [INFO] ApiDb:666 - CubeFinder database FW Pack versions=[FP-ATR-ASTRA1_V2.0.0, FP-SNS-FLIGHT1_V5.0.1, FP-SNS-FLIGHT1_V5.0.2, FP-SNS-MOTENV1_V4.3.1, FP-SNS-MOTENV1_V4.3.2, FP-SNS-MOTENVWB1_V1.3.1, FP-SNS-SMARTAG2_V1.2.0, STM32Cube_FW_C0_V1.1.0, STM32Cube_FW_F4_V1.28.0, STM32Cube_FW_F7_V1.17.0, STM32Cube_FW_G0_V1.6.2, STM32Cube_FW_G4_V1.5.2, STM32Cube_FW_H5_V0.5.1, STM32Cube_FW_H5_V1.1.1, STM32Cube_FW_H5_V1.2.0, STM32Cube_FW_H5_V1.2.0RC4, STM32Cube_FW_H7RS_V1.0.0, STM32Cube_FW_H7RS_V1.0.0RC4, STM32Cube_FW_H7_V1.11.0, STM32Cube_FW_L0_V1.12.2, STM32Cube_FW_L5_V1.5.1, STM32Cube_FW_U0_V1.0.0, STM32Cube_FW_U0_V1.0.0RC1, STM32Cube_FW_U5_V1.3.0RC4, STM32Cube_FW_U5_V1.5.0, STM32Cube_FW_U5_V1.5.0RC1, STM32Cube_FW_WBA_V1.0.0RC1, STM32Cube_FW_WBA_V1.2.0, STM32Cube_FW_WBA_V1.2.0RC2, STM32Cube_FW_WBA_V1.3.0, STM32Cube_FW_WBA_V1.3.0RC1, STM32Cube_FW_WB_V1.15.0RC1, STM32Cube_FW_WB_V1.16.0, STM32Cube_FW_WB_V1.16.0RC2, STM32Cube_FW_WB_V1.18.0, STM32Cube_FW_WB_V1.19.0, STM32Cube_FW_WL_V1.3.0, X-CUBE-ALGOBUILD_V1.3.0, X-CUBE-ALS_V1.0.1, X-CUBE-AZRTOS-F4_V1.1.0, X-CUBE-AZRTOS-F7_V1.1.0, X-CUBE-AZRTOS-G0_V1.1.0, X-CUBE-AZRTOS-G4_V2.0.0, X-CUBE-AZRTOS-H7_V3.2.0, X-CUBE-AZRTOS-L4_V1.0.0, X-CUBE-AZRTOS-L4_V2.0.0, X-CUBE-AZRTOS-L5_V1.1.0, X-CUBE-AZRTOS-WB_V2.0.0, X-CUBE-AZRTOS-WL_V2.0.0, X-CUBE-BLE1_V7.0.0, X-CUBE-BLE2_V3.3.0, X-CUBE-BLEMGR_V3.1.0, X-CUBE-EEPRMA1_V4.1.0, X-CUBE-EEPRMA1_V5.1.0, X-CUBE-FREERTOS_V1.1.0, X-CUBE-GNSS1_V6.0.0, X-CUBE-MEMS1_V10.0.0, X-CUBE-MEMS1_V9.1.0, X-CUBE-MEMS1_V9.4.0, X-CUBE-MEMS1_V9.6.0, X-CUBE-NFC4_V3.0.0, X-CUBE-NFC7_V1.0.1, X-CUBE-SFXS2LP1_V4.0.0, X-CUBE-SUBG2_V5.0.0, X-CUBE-TOF1_V3.4.0]
2024-05-17 02:31:36,192 [INFO] DbBoardsSqlite:227 - include board P-NUCLEO-WB55-NUCLEO as a kit item of type 'Nucleo-64'
2024-05-17 02:31:36,192 [INFO] DbBoardsSqlite:227 - include board P-NUCLEO-WB55-USBDONGLE as a kit item of type 'Nucleo USB Dongle'
2024-05-17 02:31:36,192 [INFO] DbBoardsSqlite:227 - include board STEVAL-IDP005V1 as a kit item of type 'Evaluation Board'
2024-05-17 02:31:36,192 [INFO] DbBoardsSqlite:227 - include board STEVAL-IDP005V2 as a kit item of type 'Evaluation Board'
2024-05-17 02:31:36,232 [INFO] ApiDb:239 - Found 138 in-development CPN: [B-WB1M-WPAN1, NUCLEO-C031C6, STEVAL-STWINBX1, STM320518-EVAL, STM32C0116-DK, STM32C011D6Y3TR, STM32C011D6Y6TR, STM32C011F4P3, STM32C011F4P6, STM32C011F4U3, STM32C011F4U6TR, STM32C011F6P3, STM32C011F6P6, STM32C011F6U3, STM32C011F6U6TR, STM32C011J4M3, STM32C011J4M6, STM32C011J6M3, STM32C011J6M6, STM32C0316-DK, STM32C031C4T3, STM32C031C4T6, STM32C031C4U3, STM32C031C4U6, STM32C031C6T3, STM32C031C6T6, STM32C031C6U3, STM32C031C6U6, STM32C031F4P3, STM32C031F4P6, STM32C031F6P3, STM32C031F6P6, STM32C031G4U3, STM32C031G4U6, STM32C031G6U3, STM32C031G6U6, STM32C031K4T3, STM32C031K4T6, STM32C031K4U3, STM32C031K4U6, STM32C031K6T3, STM32C031K6T6, STM32C031K6U3, STM32C031K6U6, STM32G071K8TXN, STM32G071K8UXN, STM32G081GBU6N, STM32G081KBT6N, STM32G081KBUXN, STM32G0B1CCT6N, STM32G0B1KCT6, STM32G0B1NEY6TR, STM32G0B1RCT6N, STM32G0C1CCT6, STM32G0C1CCT6N, STM32G0C1CCU6N, STM32G0C1CET6N, STM32G0C1CEU6N, STM32G0C1KCT6, STM32G0C1NEY6TR, STM32G0C1RCI6N, STM32G0C1RCT6N, STM32G0C1REI6N, STM32G0C1RET6N, STM32G0C1VCI6, STM32G0C1VEI6, STM32G471CCT6, STM32G471CCU6, STM32G471CET3, STM32G471CET6, STM32G471CEU3, STM32G471CEU6, STM32G471MCT6, STM32G471MET3, STM32G471MET6, STM32G471MEY6TR, STM32G471QCT6, STM32G471QET3, STM32G471RCT6, STM32G471RET3, STM32G471RET6, STM32G471VCH6, STM32G471VCI6, STM32G471VCT6, STM32G471VEH3, STM32G471VEH6, STM32G471VEI3, STM32G471VEI6, STM32G471VET3, STM32G471VET6, STM32G474CCT6, STM32L476VGY6PTR, STM32L4R5QGI6STR, STM32MP131AAE3, STM32MP131AAF3, STM32MP131AAG3, STM32MP131CAE3, STM32MP131CAF3, STM32MP131CAG3, STM32MP131DAE7, STM32MP131DAF7, STM32MP131DAG7, STM32MP131FAE7, STM32MP131FAF7, STM32MP131FAG7, STM32MP133AAE3, STM32MP133AAF3, STM32MP133AAG3, STM32MP133CAE3, STM32MP133CAF3, STM32MP133CAG3, STM32MP133DAE7, STM32MP133DAF7, STM32MP133DAG7, STM32MP133FAE7, STM32MP133FAF7, STM32MP133FAG7, STM32MP135AAE3, STM32MP135AAF3, STM32MP135AAG3, STM32MP135CAE3, STM32MP135CAF3, STM32MP135CAG3, STM32MP135DAE7, STM32MP135DAF7, STM32MP135DAG7, STM32MP135F-DK, STM32MP135FAE7, STM32MP135FAF7, STM32MP135FAG7, STM32U595ZJT6Q, STM32U599BJY6QTR, STM32U599NIH6Q, STM32U599NJH6Q, STM32U5A5ZJT6Q, STM32U5A9BJY6QTR, STM32U5A9NJH6Q, STM32WB1MMCH6]
2024-05-17 02:31:36,236 [INFO] BoardInfo:879 - No configuration file found for board B-G473E-ZEST1S
2024-05-17 02:31:36,236 [INFO] DbBoards:156 - Board is not supported: B-G473E-ZEST1S
2024-05-17 02:31:36,244 [INFO] BoardInfo:879 - No configuration file found for board B-WL5M-SUBG1
2024-05-17 02:31:36,244 [INFO] DbBoards:156 - Board is not supported: B-WL5M-SUBG1
2024-05-17 02:31:36,285 [INFO] BoardInfo:879 - No configuration file found for board NUCLEO-H503RB
2024-05-17 02:31:36,285 [INFO] DbBoards:156 - Board is not supported: NUCLEO-H503RB
2024-05-17 02:31:36,286 [INFO] BoardInfo:879 - No configuration file found for board NUCLEO-H533RE
2024-05-17 02:31:36,286 [INFO] DbBoards:156 - Board is not supported: NUCLEO-H533RE
2024-05-17 02:31:36,287 [INFO] BoardInfo:879 - No configuration file found for board NUCLEO-H563ZI
2024-05-17 02:31:36,287 [INFO] DbBoards:156 - Board is not supported: NUCLEO-H563ZI
2024-05-17 02:31:36,294 [INFO] BoardInfo:879 - No configuration file found for board NUCLEO-H7S3L8
2024-05-17 02:31:36,295 [INFO] DbBoards:156 - Board is not supported: NUCLEO-H7S3L8
2024-05-17 02:31:36,317 [INFO] BoardInfo:879 - No configuration file found for board NUCLEO-U031R8
2024-05-17 02:31:36,317 [INFO] DbBoards:156 - Board is not supported: NUCLEO-U031R8
2024-05-17 02:31:36,318 [INFO] BoardInfo:879 - No configuration file found for board NUCLEO-U083RC
2024-05-17 02:31:36,318 [INFO] DbBoards:156 - Board is not supported: NUCLEO-U083RC
2024-05-17 02:31:36,318 [INFO] BoardInfo:879 - No configuration file found for board NUCLEO-U545RE-Q
2024-05-17 02:31:36,319 [INFO] DbBoards:156 - Board is not supported: NUCLEO-U545RE-Q
2024-05-17 02:31:36,320 [INFO] BoardInfo:879 - No configuration file found for board NUCLEO-U5A5ZJ-Q
2024-05-17 02:31:36,320 [INFO] DbBoards:156 - Board is not supported: NUCLEO-U5A5ZJ-Q
2024-05-17 02:31:36,322 [INFO] BoardInfo:879 - No configuration file found for board NUCLEO-WBA52CG
2024-05-17 02:31:36,322 [INFO] DbBoards:156 - Board is not supported: NUCLEO-WBA52CG
2024-05-17 02:31:36,324 [INFO] BoardInfo:879 - No configuration file found for board NUCLEO-WBA55CG
2024-05-17 02:31:36,324 [INFO] DbBoards:156 - Board is not supported: NUCLEO-WBA55CG
2024-05-17 02:31:36,329 [INFO] BoardInfo:879 - No configuration file found for board P-NUCLEO-WB55
2024-05-17 02:31:36,329 [INFO] DbBoards:156 - Kit is not supported: P-NUCLEO-WB55
2024-05-17 02:31:36,332 [INFO] BoardInfo:879 - No configuration file found for board STEVAL-BFA001V1B
2024-05-17 02:31:36,332 [INFO] DbBoards:156 - Kit is not supported: STEVAL-BFA001V1B
2024-05-17 02:31:36,333 [INFO] BoardInfo:879 - No configuration file found for board STEVAL-BFA001V2B
2024-05-17 02:31:36,333 [INFO] DbBoards:156 - Kit is not supported: STEVAL-BFA001V2B
2024-05-17 02:31:36,336 [INFO] BoardInfo:879 - No configuration file found for board STEVAL-MKBOXPRO
2024-05-17 02:31:36,336 [INFO] DbBoards:156 - Board is not supported: STEVAL-MKBOXPRO
2024-05-17 02:31:36,338 [INFO] BoardInfo:879 - No configuration file found for board STEVAL-PROTEUS1
2024-05-17 02:31:36,338 [INFO] DbBoards:156 - Board is not supported: STEVAL-PROTEUS1
2024-05-17 02:31:36,339 [INFO] BoardInfo:879 - No configuration file found for board STEVAL-SMARTAG2
2024-05-17 02:31:36,339 [INFO] DbBoards:156 - Board is not supported: STEVAL-SMARTAG2
2024-05-17 02:31:36,388 [INFO] BoardInfo:879 - No configuration file found for board STM32H573I-DK
2024-05-17 02:31:36,388 [INFO] DbBoards:156 - Board is not supported: STM32H573I-DK
2024-05-17 02:31:36,401 [INFO] BoardInfo:879 - No configuration file found for board STM32H7S78-DK
2024-05-17 02:31:36,401 [INFO] DbBoards:156 - Board is not supported: STM32H7S78-DK
2024-05-17 02:31:36,422 [INFO] BoardInfo:879 - No configuration file found for board STM32U083C-DK
2024-05-17 02:31:36,422 [INFO] DbBoards:156 - Board is not supported: STM32U083C-DK
2024-05-17 02:31:36,424 [INFO] BoardInfo:879 - No configuration file found for board STM32U5A9J-DK
2024-05-17 02:31:36,424 [INFO] DbBoards:156 - Board is not supported: STM32U5A9J-DK
2024-05-17 02:31:36,425 [INFO] BoardInfo:879 - No configuration file found for board STM32U5G9J-DK1
2024-05-17 02:31:36,425 [INFO] DbBoards:156 - Board is not supported: STM32U5G9J-DK1
2024-05-17 02:31:36,426 [INFO] BoardInfo:879 - No configuration file found for board STM32U5G9J-DK2
2024-05-17 02:31:36,426 [INFO] DbBoards:156 - Board is not supported: STM32U5G9J-DK2
2024-05-17 02:31:36,429 [INFO] BoardInfo:879 - No configuration file found for board STM32WBA55G-DK1
2024-05-17 02:31:36,429 [INFO] DbBoards:156 - Board is not supported: STM32WBA55G-DK1
2024-05-17 02:31:36,429 [INFO] DbBoards:160 - Found 199 boards, 174 are supported
2024-05-17 02:31:36,433 [INFO] ApiDb:418 - Load user favorites file C:\Users\arath/.stm32cubeide/favorites.boards.txt: 0 item(s)
2024-05-17 02:31:36,434 [INFO] ApiDb:422 - User favorites Boards=[]
2024-05-17 02:31:36,434 [INFO] DbBoards:189 - Set 0 / 0 favorites Boards
2024-05-17 02:31:51,313 [ERROR] LogOutputStream:74 - [STDERR_REDIRECT] SLF4J: Failed to load class "org.slf4j.impl.StaticLoggerBinder".
2024-05-17 02:31:51,314 [ERROR] LogOutputStream:74 - [STDERR_REDIRECT] SLF4J: Defaulting to no-operation (NOP) logger implementation
2024-05-17 02:31:51,314 [ERROR] LogOutputStream:74 - [STDERR_REDIRECT] SLF4J: See http://www.slf4j.org/codes.html#StaticLoggerBinder for further details.
2024-05-17 02:32:04,420 [INFO] MainUpdater:2768 - connection check result : 10
2024-05-17 02:32:04,420 [INFO] MainUpdater:2768 - connection check result : 10
2024-05-17 02:32:04,435 [INFO] MicroXplorer:451 - Change Database Path : 
2024-05-17 02:32:04,436 [INFO] MicroXplorer:481 - Change Database Version : DB.6.0.60
2024-05-17 02:32:04,436 [WARN] ThirdParty:827 - waiting for thirdparty lock release [close project]
2024-05-17 02:32:04,436 [INFO] ThirdParty:829 - entering critical section [close project]
2024-05-17 02:32:04,436 [INFO] ThirdParty:839 - exiting critical section [close project]
2024-05-17 02:32:04,440 [INFO] PinOutPanel:1468 - setPackage(No Configuration,No Configuration)
2024-05-17 02:32:04,450 [INFO] UtilMem:74 - Begin LoadConfig() Used Memory: 229134336 Bytes (554696704)
2024-05-17 02:32:04,451 [INFO] MicroXplorer:451 - Change Database Path : 
2024-05-17 02:32:04,451 [INFO] MicroXplorer:481 - Change Database Version : DB.6.0.60
2024-05-17 02:32:04,451 [INFO] OpenFileManager:307 - Change cursor
2024-05-17 02:32:04,475 [INFO] Mcu:1922 - Initializing MCU STM32F103C8Tx STM32F103C8Tx 
2024-05-17 02:32:04,476 [INFO] Mcu:1935 - No CPN specified => set CPN to STM32F103C8T6
2024-05-17 02:32:04,960 [INFO] Context:654 - Trying to add GPIOservice into a context  which must be forbidden
2024-05-17 02:32:05,095 [INFO] ImportTextPane:193 - (OptionalMessage_ERROR) Unable to find key (Mcu.ThirdPartyNb) in loaded IOC file
2024-05-17 02:32:05,095 [INFO] ImportTextPane:193 - (OptionalMessage_ERROR) Unable to find key (Mcu.PinsNb) in loaded IOC file
2024-05-17 02:32:05,095 [INFO] ImportTextPane:193 - (OptionalMessage_ERROR) Unable to find key (Mcu.IPNb) in loaded IOC file
2024-05-17 02:32:05,132 [WARN] ApiManager:308 - Cannot register API 'Board Extension:GNSS1A1' from pack STMicroelectronics.X-CUBE-GNSS1.6.0.0: no header file found
2024-05-17 02:32:05,132 [WARN] ApiManager:308 - Cannot register API 'Board Support:Custom' from pack STMicroelectronics.X-CUBE-GNSS1.6.0.0: no header file found
2024-05-17 02:32:05,132 [WARN] ApiManager:308 - Cannot register API 'Data Exchange:lib_gnss' from pack STMicroelectronics.X-CUBE-GNSS1.6.0.0: no header file found
2024-05-17 02:32:05,210 [WARN] ApiManager:308 - Cannot register API 'Board Extension:IKS01A3' from pack STMicroelectronics.X-CUBE-MEMS1.9.2.0: no header file found
2024-05-17 02:32:05,210 [WARN] ApiManager:308 - Cannot register API 'Board Extension:IKS01A2' from pack STMicroelectronics.X-CUBE-MEMS1.9.2.0: no header file found
2024-05-17 02:32:05,210 [WARN] ApiManager:308 - Cannot register API 'Board Extension:IKS02A1' from pack STMicroelectronics.X-CUBE-MEMS1.9.2.0: no header file found
2024-05-17 02:32:05,271 [WARN] ApiManager:308 - Cannot register API 'Board Extension:IKS01A3' from pack STMicroelectronics.X-CUBE-MEMS1.9.6.0: no header file found
2024-05-17 02:32:05,271 [WARN] ApiManager:308 - Cannot register API 'Board Extension:IKS01A2' from pack STMicroelectronics.X-CUBE-MEMS1.9.6.0: no header file found
2024-05-17 02:32:05,271 [WARN] ApiManager:308 - Cannot register API 'Board Extension:IKS02A1' from pack STMicroelectronics.X-CUBE-MEMS1.9.6.0: no header file found
2024-05-17 02:32:05,275 [WARN] ApiManager:308 - Cannot register API 'Board Extension:EEPRMA2' from pack STMicroelectronics.X-CUBE-EEPRMA1.4.2.0: no header file found
2024-05-17 02:32:05,275 [WARN] ApiManager:308 - Cannot register API 'Board Extension:PGEEZ1' from pack STMicroelectronics.X-CUBE-EEPRMA1.4.2.0: no header file found
2024-05-17 02:32:05,275 [WARN] ApiManager:308 - Cannot register API 'Board Part:M24' from pack STMicroelectronics.X-CUBE-EEPRMA1.4.2.0: no header file found
2024-05-17 02:32:05,275 [WARN] ApiManager:308 - Cannot register API 'Board Part:M95' from pack STMicroelectronics.X-CUBE-EEPRMA1.4.2.0: no header file found
2024-05-17 02:32:05,275 [WARN] ApiManager:308 - Cannot register API 'Board Part:M95P32' from pack STMicroelectronics.X-CUBE-EEPRMA1.4.2.0: no header file found
2024-05-17 02:32:05,275 [WARN] ApiManager:308 - Cannot register API 'PGEEZ1:SPI' from pack STMicroelectronics.X-CUBE-EEPRMA1.4.2.0: no header file found
2024-05-17 02:32:05,275 [WARN] ApiManager:308 - Cannot register API 'PGEEZ1:QDSPI' from pack STMicroelectronics.X-CUBE-EEPRMA1.4.2.0: no header file found
2024-05-17 02:32:05,275 [WARN] ApiManager:308 - Cannot register API 'Board Extension:NFC06A1' from pack STMicroelectronics.X-CUBE-NFC6.3.1.0: no header file found
2024-05-17 02:32:05,276 [WARN] ApiManager:308 - Cannot register API 'Board Extension:NFC08A1' from pack STMicroelectronics.X-CUBE-NFC6.3.1.0: no header file found
2024-05-17 02:32:05,277 [WARN] ApiManager:308 - Cannot register API 'Wireless:BlueNRG-MS' from pack STMicroelectronics.X-CUBE-BLE1.6.2.3: no header file found
2024-05-17 02:32:05,277 [WARN] ApiManager:308 - Cannot register API 'Wireless:BlueNRG-MS' from pack STMicroelectronics.X-CUBE-BLE1.6.2.4: no header file found
2024-05-17 02:32:05,278 [INFO] RtosManager:488 - Registered RTOS mode: class=CMSIS, group=RTOS, mode=CMSIS_V1, owner=FREERTOS
2024-05-17 02:32:05,278 [INFO] RtosManager:488 - Registered RTOS mode: class=CMSIS, group=RTOS2, mode=CMSIS_V2, owner=FREERTOS
2024-05-17 02:32:05,278 [INFO] RtosManager:488 - Registered RTOS mode: class=RTOS, group=Core, mode=CMSIS_V1, owner=FREERTOS
2024-05-17 02:32:05,278 [INFO] RtosManager:488 - Registered RTOS mode: class=RTOS, group=Core, mode=CMSIS_V2, owner=FREERTOS
2024-05-17 02:32:05,279 [WARN] ModelIntegratedComponent:185 - Missing modes for component STMicroelectronics:FreeRTOS:0.0.1:STMicroelectronics:RTOS:FreeRTOS:Core:::10.2.0:
2024-05-17 02:32:05,279 [WARN] ApiManager:308 - Cannot register API 'Board Extension:NFC04A1' from pack STMicroelectronics.X-CUBE-NFC4.2.0.5: no header file found
2024-05-17 02:32:05,281 [WARN] ApiManager:308 - Cannot register API 'Wireless:BlueNRG-2' from pack STMicroelectronics.X-CUBE-BLE2.3.2.2: no header file found
2024-05-17 02:32:05,281 [WARN] ApiManager:308 - Cannot register API 'Board Extension:NFC04A1' from pack STMicroelectronics.X-CUBE-NFC4.2.0.4: no header file found
2024-05-17 02:32:05,281 [WARN] ApiManager:308 - Cannot register API 'Board Extension:NFC04A1' from pack STMicroelectronics.X-CUBE-NFC4.2.0.3: no header file found
2024-05-17 02:32:05,283 [WARN] ApiManager:308 - Cannot register API 'Board Extension:S2868A1' from pack STMicroelectronics.X-CUBE-SFXS2LP1.3.1.0: no header file found
2024-05-17 02:32:05,283 [WARN] ApiManager:308 - Cannot register API 'Board Extension:S2868A2' from pack STMicroelectronics.X-CUBE-SFXS2LP1.3.1.0: no header file found
2024-05-17 02:32:05,283 [WARN] ApiManager:308 - Cannot register API 'Board Extension:S2915A1' from pack STMicroelectronics.X-CUBE-SFXS2LP1.3.1.0: no header file found
2024-05-17 02:32:05,284 [WARN] ApiManager:308 - Cannot register API 'Wireless:BlueNRG-MS' from pack STMicroelectronics.X-CUBE-BLE1.7.0.0: no header file found
2024-05-17 02:32:05,285 [WARN] ModelIntegratedComponent:64 - No mode defined for component null
2024-05-17 02:32:05,285 [WARN] ModelIntegratedComponent:64 - No mode defined for component null
2024-05-17 02:32:05,285 [WARN] ModelIntegratedComponent:64 - No mode defined for component null
2024-05-17 02:32:05,285 [WARN] ModelIntegratedComponent:64 - No mode defined for component null
2024-05-17 02:32:05,285 [WARN] ModelIntegratedComponent:64 - No mode defined for component null
2024-05-17 02:32:05,285 [WARN] ModelIntegratedComponent:64 - No mode defined for component null
2024-05-17 02:32:05,286 [WARN] ModelIntegratedComponent:64 - No mode defined for component null
2024-05-17 02:32:05,286 [WARN] ModelIntegratedComponent:64 - No mode defined for component null
2024-05-17 02:32:05,286 [WARN] ModelIntegratedComponent:64 - No mode defined for component null
2024-05-17 02:32:05,286 [WARN] ModelIntegratedComponent:64 - No mode defined for component null
2024-05-17 02:32:05,286 [WARN] ModelIntegratedComponent:64 - No mode defined for component null
2024-05-17 02:32:05,286 [WARN] ModelIntegratedComponent:64 - No mode defined for component null
2024-05-17 02:32:05,286 [WARN] ModelIntegratedComponent:64 - No mode defined for component null
2024-05-17 02:32:05,286 [WARN] ModelIntegratedComponent:64 - No mode defined for component null
2024-05-17 02:32:05,286 [WARN] ModelIntegratedComponent:64 - No mode defined for component null
2024-05-17 02:32:05,286 [WARN] ModelIntegratedComponent:64 - No mode defined for component null
2024-05-17 02:32:05,286 [WARN] ModelIntegratedComponent:64 - No mode defined for component null
2024-05-17 02:32:05,286 [WARN] ModelIntegratedComponent:64 - No mode defined for component null
2024-05-17 02:32:05,286 [WARN] ModelIntegratedComponent:64 - No mode defined for component null
2024-05-17 02:32:05,286 [WARN] ModelIntegratedComponent:64 - No mode defined for component null
2024-05-17 02:32:05,286 [WARN] ModelIntegratedComponent:64 - No mode defined for component null
2024-05-17 02:32:05,286 [WARN] ModelIntegratedComponent:64 - No mode defined for component null
2024-05-17 02:32:05,286 [WARN] ModelIntegratedComponent:64 - No mode defined for component null
2024-05-17 02:32:05,287 [WARN] ModelIntegratedComponent:64 - No mode defined for component null
2024-05-17 02:32:05,287 [WARN] ModelIntegratedComponent:64 - No mode defined for component null
2024-05-17 02:32:05,287 [WARN] ModelIntegratedComponent:64 - No mode defined for component null
2024-05-17 02:32:05,287 [WARN] ModelIntegratedComponent:64 - No mode defined for component null
2024-05-17 02:32:05,287 [WARN] ModelIntegratedComponent:64 - No mode defined for component null
2024-05-17 02:32:05,287 [WARN] ModelIntegratedComponent:64 - No mode defined for component null
2024-05-17 02:32:05,287 [WARN] ModelIntegratedComponent:64 - No mode defined for component null
2024-05-17 02:32:05,287 [WARN] ModelIntegratedComponent:64 - No mode defined for component null
2024-05-17 02:32:05,287 [WARN] ModelIntegratedComponent:64 - No mode defined for component null
2024-05-17 02:32:05,287 [WARN] ModelIntegratedComponent:64 - No mode defined for component null
2024-05-17 02:32:05,288 [WARN] ApiManager:308 - Cannot register API 'Board Extension:NFC07A1' from pack STMicroelectronics.X-CUBE-NFC7.1.0.1: no header file found
2024-05-17 02:32:05,288 [WARN] ApiManager:308 - Cannot register API 'Board Extension:NFC07A1' from pack STMicroelectronics.X-CUBE-NFC7.1.0.0: no header file found
2024-05-17 02:32:05,290 [WARN] ApiManager:308 - Cannot register API 'Board Extension:S2868A1' from pack STMicroelectronics.X-CUBE-SUBG2.4.2.0: no header file found
2024-05-17 02:32:05,290 [WARN] ApiManager:308 - Cannot register API 'Board Extension:S2868A2' from pack STMicroelectronics.X-CUBE-SUBG2.4.2.0: no header file found
2024-05-17 02:32:05,290 [WARN] ApiManager:308 - Cannot register API 'Board Extension:S2915A1' from pack STMicroelectronics.X-CUBE-SUBG2.4.2.0: no header file found
2024-05-17 02:32:05,290 [WARN] ApiManager:308 - Cannot register API 'Board Extension:NFC06A1' from pack STMicroelectronics.X-CUBE-NFC6.3.0.0: no header file found
2024-05-17 02:32:05,290 [WARN] ApiManager:308 - Cannot register API 'Board Extension:NFC08A1' from pack STMicroelectronics.X-CUBE-NFC6.3.0.0: no header file found
2024-05-17 02:32:05,325 [WARN] ApiManager:308 - Cannot register API 'Board Extension:IKS01A3' from pack STMicroelectronics.X-CUBE-MEMS1.9.3.0: no header file found
2024-05-17 02:32:05,325 [WARN] ApiManager:308 - Cannot register API 'Board Extension:IKS01A2' from pack STMicroelectronics.X-CUBE-MEMS1.9.3.0: no header file found
2024-05-17 02:32:05,326 [WARN] ApiManager:308 - Cannot register API 'Board Extension:IKS02A1' from pack STMicroelectronics.X-CUBE-MEMS1.9.3.0: no header file found
2024-05-17 02:32:05,328 [WARN] ApiManager:308 - Cannot register API 'Board Extension:EEPRMA1' from pack STMicroelectronics.X-CUBE-EEPRMA1.4.1.0: no header file found
2024-05-17 02:32:05,328 [WARN] ApiManager:308 - Cannot register API 'Board Extension:EEPRMA2' from pack STMicroelectronics.X-CUBE-EEPRMA1.4.1.0: no header file found
2024-05-17 02:32:05,328 [WARN] ApiManager:308 - Cannot register API 'Board Extension:PGEEZ1' from pack STMicroelectronics.X-CUBE-EEPRMA1.4.1.0: no header file found
2024-05-17 02:32:05,328 [WARN] ApiManager:308 - Cannot register API 'Board Part:M24' from pack STMicroelectronics.X-CUBE-EEPRMA1.4.1.0: no header file found
2024-05-17 02:32:05,328 [WARN] ApiManager:308 - Cannot register API 'Board Part:M95' from pack STMicroelectronics.X-CUBE-EEPRMA1.4.1.0: no header file found
2024-05-17 02:32:05,328 [WARN] ApiManager:308 - Cannot register API 'Board Part:M95P32' from pack STMicroelectronics.X-CUBE-EEPRMA1.4.1.0: no header file found
2024-05-17 02:32:05,328 [WARN] ApiManager:308 - Cannot register API 'PGEEZ1:SPI' from pack STMicroelectronics.X-CUBE-EEPRMA1.4.1.0: no header file found
2024-05-17 02:32:05,328 [WARN] ApiManager:308 - Cannot register API 'PGEEZ1:QDSPI' from pack STMicroelectronics.X-CUBE-EEPRMA1.4.1.0: no header file found
2024-05-17 02:32:05,332 [WARN] ApiManager:308 - Cannot register API 'Board Extension:S2868A1' from pack STMicroelectronics.X-CUBE-SFXS2LP1.4.0.0: no header file found
2024-05-17 02:32:05,332 [WARN] ApiManager:308 - Cannot register API 'Board Extension:S2868A2' from pack STMicroelectronics.X-CUBE-SFXS2LP1.4.0.0: no header file found
2024-05-17 02:32:05,332 [WARN] ApiManager:308 - Cannot register API 'Board Extension:S2915A1' from pack STMicroelectronics.X-CUBE-SFXS2LP1.4.0.0: no header file found
2024-05-17 02:32:05,332 [WARN] ApiManager:308 - Cannot register API 'Wireless:BlueNRG-2' from pack STMicroelectronics.X-CUBE-BLE2.3.3.0: no header file found
2024-05-17 02:32:05,340 [WARN] ApiManager:308 - Cannot register API 'Board Extension:STSAFEA1' from pack STMicroelectronics.X-CUBE-SAFEA1.1.2.2: no header file found
2024-05-17 02:32:05,340 [WARN] ApiManager:308 - Cannot register API 'Board Part:STSAFEA110' from pack STMicroelectronics.X-CUBE-SAFEA1.1.2.2: no header file found
2024-05-17 02:32:05,340 [WARN] ApiManager:308 - Cannot register API 'Security:ST_Cryptolib' from pack STMicroelectronics.X-CUBE-SAFEA1.1.2.2: no header file found
2024-05-17 02:32:05,340 [WARN] ApiManager:308 - Cannot register API 'Security:MbedTLS' from pack STMicroelectronics.X-CUBE-SAFEA1.1.2.2: no header file found
2024-05-17 02:32:05,341 [WARN] ApiManager:308 - Cannot register API 'Board Extension:NFC04A1' from pack STMicroelectronics.X-CUBE-NFC4.3.0.0: no header file found
2024-05-17 02:32:05,342 [WARN] ApiManager:308 - Cannot register API 'Board Extension:S2868A1' from pack STMicroelectronics.X-CUBE-SUBG2.5.0.0: no header file found
2024-05-17 02:32:05,343 [WARN] ApiManager:308 - Cannot register API 'Board Extension:S2868A2' from pack STMicroelectronics.X-CUBE-SUBG2.5.0.0: no header file found
2024-05-17 02:32:05,343 [WARN] ApiManager:308 - Cannot register API 'Board Extension:S2915A1' from pack STMicroelectronics.X-CUBE-SUBG2.5.0.0: no header file found
2024-05-17 02:32:05,349 [WARN] ApiManager:308 - Cannot register API 'Board Extension:EEPRMA2' from pack STMicroelectronics.X-CUBE-EEPRMA1.5.1.0: no header file found
2024-05-17 02:32:05,349 [WARN] ApiManager:308 - Cannot register API 'Board Extension:PGEEZ1' from pack STMicroelectronics.X-CUBE-EEPRMA1.5.1.0: no header file found
2024-05-17 02:32:05,349 [WARN] ApiManager:308 - Cannot register API 'Board Extension:EEICA1' from pack STMicroelectronics.X-CUBE-EEPRMA1.5.1.0: no header file found
2024-05-17 02:32:05,349 [WARN] ApiManager:308 - Cannot register API 'Board Part:M24' from pack STMicroelectronics.X-CUBE-EEPRMA1.5.1.0: no header file found
2024-05-17 02:32:05,349 [WARN] ApiManager:308 - Cannot register API 'Board Part:M95' from pack STMicroelectronics.X-CUBE-EEPRMA1.5.1.0: no header file found
2024-05-17 02:32:05,349 [WARN] ApiManager:308 - Cannot register API 'Board Part:M95P32' from pack STMicroelectronics.X-CUBE-EEPRMA1.5.1.0: no header file found
2024-05-17 02:32:05,349 [WARN] ApiManager:308 - Cannot register API 'Board Part:M24256E-F' from pack STMicroelectronics.X-CUBE-EEPRMA1.5.1.0: no header file found
2024-05-17 02:32:05,349 [WARN] ApiManager:308 - Cannot register API 'Board Part:M24M01E-F' from pack STMicroelectronics.X-CUBE-EEPRMA1.5.1.0: no header file found
2024-05-17 02:32:05,350 [WARN] ApiManager:308 - Cannot register API 'PGEEZ1:SPI' from pack STMicroelectronics.X-CUBE-EEPRMA1.5.1.0: no header file found
2024-05-17 02:32:05,350 [WARN] ApiManager:308 - Cannot register API 'PGEEZ1:QDSPI' from pack STMicroelectronics.X-CUBE-EEPRMA1.5.1.0: no header file found
2024-05-17 02:32:05,389 [WARN] ApiManager:308 - Cannot register API 'Board Extension:IKS01A3' from pack STMicroelectronics.X-CUBE-MEMS1.10.0.0: no header file found
2024-05-17 02:32:05,389 [WARN] ApiManager:308 - Cannot register API 'Board Extension:IKS02A1' from pack STMicroelectronics.X-CUBE-MEMS1.10.0.0: no header file found
2024-05-17 02:32:05,389 [WARN] ApiManager:308 - Cannot register API 'Board Extension:IKS4A1' from pack STMicroelectronics.X-CUBE-MEMS1.10.0.0: no header file found
2024-05-17 02:32:05,422 [WARN] ApiManager:308 - Cannot register API 'Board Extension:IKS01A3' from pack STMicroelectronics.X-CUBE-MEMS1.9.1.0: no header file found
2024-05-17 02:32:05,423 [WARN] ApiManager:308 - Cannot register API 'Board Extension:IKS01A2' from pack STMicroelectronics.X-CUBE-MEMS1.9.1.0: no header file found
2024-05-17 02:32:05,423 [WARN] ApiManager:308 - Cannot register API 'Board Extension:IKS02A1' from pack STMicroelectronics.X-CUBE-MEMS1.9.1.0: no header file found
2024-05-17 02:32:05,426 [WARN] ApiManager:308 - Cannot register API 'Board Extension:EEPRMA1' from pack STMicroelectronics.X-CUBE-EEPRMA1.3.1.1: no header file found
2024-05-17 02:32:05,426 [WARN] ApiManager:308 - Cannot register API 'Board Extension:EEPRMA2' from pack STMicroelectronics.X-CUBE-EEPRMA1.3.1.1: no header file found
2024-05-17 02:32:05,427 [WARN] ApiManager:308 - Cannot register API 'Board Extension:GNSS1A1' from pack STMicroelectronics.X-CUBE-GNSS1.5.2.0: no header file found
2024-05-17 02:32:05,427 [WARN] ApiManager:308 - Cannot register API 'Board Support:Custom' from pack STMicroelectronics.X-CUBE-GNSS1.5.2.0: no header file found
2024-05-17 02:32:05,427 [WARN] ApiManager:308 - Cannot register API 'Data Exchange:lib_gnss' from pack STMicroelectronics.X-CUBE-GNSS1.5.2.0: no header file found
2024-05-17 02:32:05,441 [INFO] ThirdPartyModel:289 - Start build external matchings
2024-05-17 02:32:08,030 [INFO] ThirdPartyModel:302 - End build external matchings
2024-05-17 02:32:08,211 [INFO] UtilMem:74 - End LoadConfig() Used Memory: 431320048 Bytes (554696704)
2024-05-17 02:32:08,227 [WARN] ThirdParty:789 - waiting for thirdparty lock release [change project]
2024-05-17 02:32:08,227 [INFO] ThirdParty:791 - entering critical section [change project]
2024-05-17 02:32:08,227 [INFO] ThirdParty:981 - CMSIS Pack Vendor :wolfSSL I-CUBE-wolfSSL 5.2.0
2024-05-17 02:32:08,227 [INFO] ThirdParty:981 - CMSIS Pack Vendor :STMicroelectronics X-CUBE-GNSS1 6.0.0
2024-05-17 02:32:08,227 [INFO] ThirdParty:981 - CMSIS Pack Vendor :STMicroelectronics USB_HOST 2.0.0
2024-05-17 02:32:08,227 [INFO] ThirdParty:981 - CMSIS Pack Vendor :STMicroelectronics FP-SNS-MOTENVWB1 1.4.0
2024-05-17 02:32:08,227 [INFO] ThirdParty:981 - CMSIS Pack Vendor :STMicroelectronics X-CUBE-AZRTOS-F4 1.1.0
2024-05-17 02:32:08,229 [INFO] ThirdParty:981 - CMSIS Pack Vendor :STMicroelectronics LIBJPEG 8.0.0
2024-05-17 02:32:08,229 [INFO] ThirdParty:981 - CMSIS Pack Vendor :STMicroelectronics X-CUBE-SMBUS 2.1.0
2024-05-17 02:32:08,229 [INFO] ThirdParty:981 - CMSIS Pack Vendor :STMicroelectronics X-CUBE-FREERTOS 1.2.0
2024-05-17 02:32:08,229 [INFO] ThirdParty:981 - CMSIS Pack Vendor :STMicroelectronics X-CUBE-TOUCHGFX 4.23.0
2024-05-17 02:32:08,229 [INFO] ThirdParty:981 - CMSIS Pack Vendor :STMicroelectronics X-CUBE-MEMS1 9.2.0
2024-05-17 02:32:08,229 [INFO] ThirdParty:981 - CMSIS Pack Vendor :STMicroelectronics X-CUBE-BLEMGR 1.2.0
2024-05-17 02:32:08,229 [INFO] ThirdParty:981 - CMSIS Pack Vendor :STMicroelectronics X-CUBE-TOUCHGFX 4.23.2
2024-05-17 02:32:08,229 [INFO] ThirdParty:981 - CMSIS Pack Vendor :STMicroelectronics X-CUBE-AZRTOS-F7 1.1.0
2024-05-17 02:32:08,229 [INFO] ThirdParty:981 - CMSIS Pack Vendor :STMicroelectronics X-CUBE-AZRTOS-L5 2.0.0
2024-05-17 02:32:08,229 [INFO] ThirdParty:981 - CMSIS Pack Vendor :STMicroelectronics USB_DEVICE 2.0.0
2024-05-17 02:32:08,229 [INFO] ThirdParty:981 - CMSIS Pack Vendor :STMicroelectronics X-CUBE-MEMS1 9.6.0
2024-05-17 02:32:08,229 [INFO] ThirdParty:981 - CMSIS Pack Vendor :STMicroelectronics X-CUBE-EEPRMA1 4.2.0
2024-05-17 02:32:08,229 [INFO] ThirdParty:981 - CMSIS Pack Vendor :STMicroelectronics X-CUBE-NFC6 3.1.0
2024-05-17 02:32:08,229 [INFO] ThirdParty:981 - CMSIS Pack Vendor :ITTIA_DB I-CUBE-ITTIADB 8.8.0
2024-05-17 02:32:08,229 [INFO] ThirdParty:981 - CMSIS Pack Vendor :STMicroelectronics X-CUBE-AI 7.1.0
2024-05-17 02:32:08,229 [INFO] ThirdParty:981 - CMSIS Pack Vendor :STMicroelectronics X-CUBE-TOUCHGFX 4.19.1
2024-05-17 02:32:08,229 [INFO] ThirdParty:981 - CMSIS Pack Vendor :STMicroelectronics FP-SNS-MOTENV1 4.3.0
2024-05-17 02:32:08,229 [INFO] ThirdParty:981 - CMSIS Pack Vendor :STMicroelectronics FP-SNS-MOTENV1 4.3.2
2024-05-17 02:32:08,229 [INFO] ThirdParty:981 - CMSIS Pack Vendor :STMicroelectronics FP-SNS-FLIGHT1 5.0.0
2024-05-17 02:32:08,230 [INFO] ThirdParty:981 - CMSIS Pack Vendor :STMicroelectronics FP-SNS-FLIGHT1 5.0.1
2024-05-17 02:32:08,230 [INFO] ThirdParty:981 - CMSIS Pack Vendor :STMicroelectronics X-CUBE-BLE1 6.2.3
2024-05-17 02:32:08,230 [INFO] ThirdParty:981 - CMSIS Pack Vendor :STMicroelectronics X-CUBE-BLE1 6.2.4
2024-05-17 02:32:08,230 [INFO] ThirdParty:981 - CMSIS Pack Vendor :STMicroelectronics FreeRTOS 0.0.1
2024-05-17 02:32:08,230 [INFO] ThirdParty:981 - CMSIS Pack Vendor :STMicroelectronics X-CUBE-BLEMGR 2.0.0
2024-05-17 02:32:08,230 [INFO] ThirdParty:981 - CMSIS Pack Vendor :STMicroelectronics FP-SNS-FLIGHT1 5.0.2
2024-05-17 02:32:08,230 [INFO] ThirdParty:981 - CMSIS Pack Vendor :STMicroelectronics X-CUBE-NFC4 2.0.5
2024-05-17 02:32:08,230 [INFO] ThirdParty:981 - CMSIS Pack Vendor :STMicroelectronics X-CUBE-BLE2 3.2.2
2024-05-17 02:32:08,230 [INFO] ThirdParty:981 - CMSIS Pack Vendor :STMicroelectronics X-CUBE-NFC4 2.0.4
2024-05-17 02:32:08,230 [INFO] ThirdParty:981 - CMSIS Pack Vendor :STMicroelectronics X-CUBE-NFC4 2.0.3
2024-05-17 02:32:08,230 [INFO] ThirdParty:981 - CMSIS Pack Vendor :STMicroelectronics X-CUBE-AI 9.0.0
2024-05-17 02:32:08,230 [INFO] ThirdParty:981 - CMSIS Pack Vendor :STMicroelectronics X-CUBE-AZRTOS-H7 3.1.0
2024-05-17 02:32:08,230 [INFO] ThirdParty:981 - CMSIS Pack Vendor :STMicroelectronics X-CUBE-TOUCHGFX 4.19.0
2024-05-17 02:32:08,230 [INFO] ThirdParty:981 - CMSIS Pack Vendor :STMicroelectronics PDM2PCM 3.3.0
2024-05-17 02:32:08,230 [INFO] ThirdParty:981 - CMSIS Pack Vendor :STMicroelectronics X-CUBE-TOF1 3.1.0
2024-05-17 02:32:08,230 [INFO] ThirdParty:981 - CMSIS Pack Vendor :STMicroelectronics X-CUBE-SFXS2LP1 3.1.0
2024-05-17 02:32:08,230 [INFO] ThirdParty:981 - CMSIS Pack Vendor :STMicroelectronics X-CUBE-DISPLAY 3.0.0
2024-05-17 02:32:08,230 [INFO] ThirdParty:981 - CMSIS Pack Vendor :STMicroelectronics X-CUBE-AZRTOS-F4 1.0.0
2024-05-17 02:32:08,230 [INFO] ThirdParty:981 - CMSIS Pack Vendor :STMicroelectronics X-CUBE-BLE1 7.0.0
2024-05-17 02:32:08,230 [INFO] ThirdParty:981 - CMSIS Pack Vendor :STMicroelectronics HAL Drivers 0.0.0
2024-05-17 02:32:08,230 [INFO] ThirdParty:981 - CMSIS Pack Vendor :STMicroelectronics X-CUBE-TOUCHGFX 4.22.0
2024-05-17 02:32:08,230 [INFO] ThirdParty:981 - CMSIS Pack Vendor :STMicroelectronics X-CUBE-NFC7 1.0.1
2024-05-17 02:32:08,230 [INFO] ThirdParty:981 - CMSIS Pack Vendor :STMicroelectronics MBEDTLS 2.14.1
2024-05-17 02:32:08,230 [INFO] ThirdParty:981 - CMSIS Pack Vendor :STMicroelectronics X-CUBE-NFC7 1.0.0
2024-05-17 02:32:08,230 [INFO] ThirdParty:981 - CMSIS Pack Vendor :STMicroelectronics X-CUBE-SUBG2 4.2.0
2024-05-17 02:32:08,230 [INFO] ThirdParty:981 - CMSIS Pack Vendor :STMicroelectronics X-CUBE-NFC6 3.0.0
2024-05-17 02:32:08,230 [INFO] ThirdParty:981 - CMSIS Pack Vendor :STMicroelectronics X-CUBE-MEMS1 9.3.0
2024-05-17 02:32:08,230 [INFO] ThirdParty:981 - CMSIS Pack Vendor :STMicroelectronics X-CUBE-EEPRMA1 4.1.0
2024-05-17 02:32:08,230 [INFO] ThirdParty:981 - CMSIS Pack Vendor :STMicroelectronics X-CUBE-AI 7.2.0
2024-05-17 02:32:08,230 [INFO] ThirdParty:981 - CMSIS Pack Vendor :STMicroelectronics X-CUBE-BLEMGR 3.1.0
2024-05-17 02:32:08,230 [INFO] ThirdParty:981 - CMSIS Pack Vendor :STMicroelectronics FP-SNS-SMARTAG2 1.2.0
2024-05-17 02:32:08,230 [INFO] ThirdParty:981 - CMSIS Pack Vendor :STMicroelectronics X-CUBE-AZRTOS-WL 2.0.0
2024-05-17 02:32:08,231 [INFO] ThirdParty:981 - CMSIS Pack Vendor :STMicroelectronics FP-SNS-MOTENV1 5.0.0
2024-05-17 02:32:08,231 [INFO] ThirdParty:981 - CMSIS Pack Vendor :STMicroelectronics USB_DEVICE 1.0.0
2024-05-17 02:32:08,231 [INFO] ThirdParty:981 - CMSIS Pack Vendor :STMicroelectronics X-CUBE-AI 8.1.0
2024-05-17 02:32:08,231 [INFO] ThirdParty:981 - CMSIS Pack Vendor :STMicroelectronics X-CUBE-AZRTOS-G0 1.0.0
2024-05-17 02:32:08,231 [INFO] ThirdParty:981 - CMSIS Pack Vendor :STMicroelectronics X-CUBE-AZRTOS-L4 2.0.0
2024-05-17 02:32:08,231 [INFO] ThirdParty:981 - CMSIS Pack Vendor :STMicroelectronics ThreadX 0.0.2
2024-05-17 02:32:08,231 [INFO] ThirdParty:981 - CMSIS Pack Vendor :WES I-CUBE-Cesium 1.3.0
2024-05-17 02:32:08,231 [INFO] ThirdParty:981 - CMSIS Pack Vendor :STMicroelectronics lwIP 2.1.2
2024-05-17 02:32:08,231 [INFO] ThirdParty:981 - CMSIS Pack Vendor :STMicroelectronics X-CUBE-SFXS2LP1 4.0.0
2024-05-17 02:32:08,231 [INFO] ThirdParty:981 - CMSIS Pack Vendor :STMicroelectronics X-CUBE-BLE2 3.3.0
2024-05-17 02:32:08,231 [INFO] ThirdParty:981 - CMSIS Pack Vendor :STMicroelectronics X-CUBE-DISPLAY 2.2.0
2024-05-17 02:32:08,231 [INFO] ThirdParty:981 - CMSIS Pack Vendor :STMicroelectronics X-CUBE-TOF1 3.2.0
2024-05-17 02:32:08,231 [INFO] ThirdParty:981 - CMSIS Pack Vendor :STMicroelectronics PDM2PCM 3.2.0
2024-05-17 02:32:08,231 [INFO] ThirdParty:981 - CMSIS Pack Vendor :STMicroelectronics X-CUBE-ISPU 1.0.0
2024-05-17 02:32:08,231 [INFO] ThirdParty:981 - CMSIS Pack Vendor :STMicroelectronics X-CUBE-ISPU 1.1.0
2024-05-17 02:32:08,231 [INFO] ThirdParty:981 - CMSIS Pack Vendor :RoweBots I-CUBE-UNISONRTOS 5.5.0-4
2024-05-17 02:32:08,231 [INFO] ThirdParty:981 - CMSIS Pack Vendor :STMicroelectronics X-CUBE-AZRTOS-H7 2.1.0
2024-05-17 02:32:08,231 [INFO] ThirdParty:981 - CMSIS Pack Vendor :STMicroelectronics USB_DEVICE 3.0.0
2024-05-17 02:32:08,231 [INFO] ThirdParty:981 - CMSIS Pack Vendor :STMicroelectronics X-CUBE-TCPP 4.1.0
2024-05-17 02:32:08,231 [INFO] ThirdParty:981 - CMSIS Pack Vendor :STMicroelectronics X-CUBE-AZRTOS-WB 2.0.0
2024-05-17 02:32:08,231 [INFO] ThirdParty:981 - CMSIS Pack Vendor :STMicroelectronics X-CUBE-FREERTOS 1.0.1
2024-05-17 02:32:08,232 [INFO] ThirdParty:981 - CMSIS Pack Vendor :STMicroelectronics X-CUBE-BLEMGR 1.0.0
2024-05-17 02:32:08,232 [INFO] ThirdParty:981 - CMSIS Pack Vendor :STMicroelectronics X-CUBE-TOUCHGFX 4.21.4
2024-05-17 02:32:08,232 [INFO] ThirdParty:981 - CMSIS Pack Vendor :STMicroelectronics X-CUBE-AI 7.3.0
2024-05-17 02:32:08,232 [INFO] ThirdParty:981 - CMSIS Pack Vendor :STMicroelectronics X-CUBE-ALGOBUILD 1.3.0
2024-05-17 02:32:08,232 [INFO] ThirdParty:981 - CMSIS Pack Vendor :STMicroelectronics X-CUBE-AZRTOS-L5 1.1.0
2024-05-17 02:32:08,232 [INFO] ThirdParty:981 - CMSIS Pack Vendor :STMicroelectronics X-CUBE-AZRTOS-G0 1.1.0
2024-05-17 02:32:08,232 [INFO] ThirdParty:981 - CMSIS Pack Vendor :STMicroelectronics X-CUBE-AI 8.0.1
2024-05-17 02:32:08,232 [INFO] ThirdParty:981 - CMSIS Pack Vendor :STMicroelectronics X-CUBE-SAFEA1 1.2.2
2024-05-17 02:32:08,232 [INFO] ThirdParty:981 - CMSIS Pack Vendor :STMicroelectronics X-CUBE-NFC4 3.0.0
2024-05-17 02:32:08,232 [INFO] ThirdParty:981 - CMSIS Pack Vendor :SEGGER I-CUBE-embOS 1.2.0
2024-05-17 02:32:08,232 [INFO] ThirdParty:981 - CMSIS Pack Vendor :STMicroelectronics X-CUBE-SUBG2 5.0.0
2024-05-17 02:32:08,232 [INFO] ThirdParty:981 - CMSIS Pack Vendor :STMicroelectronics STM32_WPAN 1.0.0
2024-05-17 02:32:08,232 [INFO] ThirdParty:981 - CMSIS Pack Vendor :STMicroelectronics lwIP 2.0.3
2024-05-17 02:32:08,232 [INFO] ThirdParty:981 - CMSIS Pack Vendor :STMicroelectronics USB_HOST 1.0.0
2024-05-17 02:32:08,232 [INFO] ThirdParty:981 - CMSIS Pack Vendor :STMicroelectronics X-CUBE-DISPLAY 2.1.0
2024-05-17 02:32:08,232 [INFO] ThirdParty:981 - CMSIS Pack Vendor :STMicroelectronics X-CUBE-AZRTOS-G4 2.0.0
2024-05-17 02:32:08,232 [INFO] ThirdParty:981 - CMSIS Pack Vendor :STMicroelectronics PDM2PCM 3.1.0
2024-05-17 02:32:08,232 [INFO] ThirdParty:981 - CMSIS Pack Vendor :STMicroelectronics X-CUBE-TOF1 3.3.0
2024-05-17 02:32:08,232 [INFO] ThirdParty:981 - CMSIS Pack Vendor :STMicroelectronics FP-ATR-ASTRA1 1.1.1
2024-05-17 02:32:08,232 [INFO] ThirdParty:981 - CMSIS Pack Vendor :Infineon AIROC-Wi-Fi-Bluetooth-STM32 1.5.1
2024-05-17 02:32:08,232 [INFO] ThirdParty:981 - CMSIS Pack Vendor :STMicroelectronics X-CUBE-BLEMGR 3.0.0
2024-05-17 02:32:08,232 [INFO] ThirdParty:981 - CMSIS Pack Vendor :STMicroelectronics X-CUBE-AZRTOS-H7 2.0.0
2024-05-17 02:32:08,232 [INFO] ThirdParty:981 - CMSIS Pack Vendor :STMicroelectronics FP-SNS-MOTENVWB1 1.3.1
2024-05-17 02:32:08,232 [INFO] ThirdParty:981 - CMSIS Pack Vendor :STMicroelectronics FP-ATR-SIGFOX1 3.2.0
2024-05-17 02:32:08,232 [INFO] ThirdParty:981 - CMSIS Pack Vendor :STMicroelectronics X-CUBE-AZRTOS-G4 1.0.0
2024-05-17 02:32:08,232 [INFO] ThirdParty:981 - CMSIS Pack Vendor :STMicroelectronics X-CUBE-AZRTOS-L4 1.0.0
2024-05-17 02:32:08,232 [INFO] ThirdParty:981 - CMSIS Pack Vendor :STMicroelectronics X-CUBE-ISPU 2.0.0
2024-05-17 02:32:08,232 [INFO] ThirdParty:981 - CMSIS Pack Vendor :STMicroelectronics X-CUBE-EEPRMA1 5.1.0
2024-05-17 02:32:08,232 [INFO] ThirdParty:981 - CMSIS Pack Vendor :STMicroelectronics MBEDTLS 2.16.2
2024-05-17 02:32:08,232 [INFO] ThirdParty:981 - CMSIS Pack Vendor :emotas I-CUBE-CANOPEN 1.1.2
2024-05-17 02:32:08,232 [INFO] ThirdParty:981 - CMSIS Pack Vendor :STMicroelectronics X-CUBE-TOUCHGFX 4.20.0
2024-05-17 02:32:08,232 [INFO] ThirdParty:981 - CMSIS Pack Vendor :STMicroelectronics X-CUBE-MEMS1 10.0.0
2024-05-17 02:32:08,232 [INFO] ThirdParty:981 - CMSIS Pack Vendor :STMicroelectronics X-CUBE-FREERTOS 1.1.0
2024-05-17 02:32:08,233 [INFO] ThirdParty:981 - CMSIS Pack Vendor :STMicroelectronics X-CUBE-AZRTOS-F7 1.0.0
2024-05-17 02:32:08,233 [INFO] ThirdParty:981 - CMSIS Pack Vendor :STMicroelectronics X-CUBE-AZRTOS-WL 1.0.0
2024-05-17 02:32:08,233 [INFO] ThirdParty:981 - CMSIS Pack Vendor :STMicroelectronics X-CUBE-MEMS1 9.1.0
2024-05-17 02:32:08,233 [INFO] ThirdParty:981 - CMSIS Pack Vendor :portGmbH I-Cube-SoM-uGOAL 1.1.0
2024-05-17 02:32:08,233 [INFO] ThirdParty:981 - CMSIS Pack Vendor :STMicroelectronics X-CUBE-ALS 1.0.1
2024-05-17 02:32:08,233 [INFO] ThirdParty:981 - CMSIS Pack Vendor :STMicroelectronics ThreadX 1.0.0
2024-05-17 02:32:08,233 [INFO] ThirdParty:981 - CMSIS Pack Vendor :STMicroelectronics X-CUBE-AZRTOS-WB 1.1.0
2024-05-17 02:32:08,233 [INFO] ThirdParty:981 - CMSIS Pack Vendor :SEGGER I-CUBE-embOS 1.3.1
2024-05-17 02:32:08,233 [INFO] ThirdParty:981 - CMSIS Pack Vendor :STMicroelectronics X-CUBE-ALGOBUILD 1.4.0
2024-05-17 02:32:08,233 [INFO] ThirdParty:981 - CMSIS Pack Vendor :STMicroelectronics X-CUBE-AZRTOS-L5 1.0.0
2024-05-17 02:32:08,233 [INFO] ThirdParty:981 - CMSIS Pack Vendor :STMicroelectronics X-CUBE-EEPRMA1 3.1.1
2024-05-17 02:32:08,233 [INFO] ThirdParty:981 - CMSIS Pack Vendor :STMicroelectronics X-CUBE-AZRTOS-H7RS 1.0.0
2024-05-17 02:32:08,233 [INFO] ThirdParty:981 - CMSIS Pack Vendor :STMicroelectronics X-CUBE-GNSS1 5.2.0
2024-05-17 02:32:08,233 [INFO] ThirdParty:981 - CMSIS Pack Vendor :STMicroelectronics FP-ATR-ASTRA1 2.0.0
2024-05-17 02:32:08,233 [INFO] ThirdParty:981 - CMSIS Pack Vendor :STMicroelectronics X-CUBE-DISPLAY 2.0.1
2024-05-17 02:32:08,233 [INFO] ThirdParty:981 - CMSIS Pack Vendor :STMicroelectronics X-CUBE-TOF1 3.4.0
2024-05-17 02:32:08,233 [INFO] ThirdParty:981 - CMSIS Pack Vendor :STMicroelectronics X-CUBE-TOF1 3.4.1
2024-05-17 02:32:08,233 [INFO] ThirdParty:981 - CMSIS Pack Vendor :STMicroelectronics X-CUBE-AZRTOS-H7 3.2.0
2024-05-17 02:32:08,233 [INFO] ThirdParty:981 - CMSIS Pack Vendor :STMicroelectronics X-CUBE-TOF1 3.0.0
2024-05-17 02:32:08,233 [INFO] ThirdParty:797 - exiting critical section [change project]
2024-05-17 02:32:08,416 [INFO] PinOutPanel:1468 - setPackage(No Configuration,No Configuration)
2024-05-17 02:32:08,418 [INFO] PinOutPanel:1468 - setPackage(STM32F103C8Tx,LQFP48)
2024-05-17 02:32:08,759 [INFO] UtilMem:74 - Before build in PCC Used Memory: 368711808 Bytes (554696704)
2024-05-17 02:32:09,242 [INFO] UtilMem:74 - After build in PCC Used Memory: 334720000 Bytes (554696704)
2024-05-17 02:32:09,255 [INFO] IPUIPlugin:79 - create IPUIPlugin
2024-05-17 02:32:09,255 [INFO] IPUIPlugin:79 - create IPUIPlugin
2024-05-17 02:32:09,255 [INFO] IPUIPlugin:79 - create IPUIPlugin
2024-05-17 02:32:09,256 [INFO] IPUIPlugin:79 - create IPUIPlugin
2024-05-17 02:32:09,256 [INFO] IPUIPlugin:79 - create IPUIPlugin
2024-05-17 02:32:09,256 [INFO] IPUIPlugin:79 - create IPUIPlugin
2024-05-17 02:32:09,256 [INFO] IPUIPlugin:79 - create IPUIPlugin
2024-05-17 02:32:09,256 [INFO] IPUIPlugin:79 - create IPUIPlugin
2024-05-17 02:32:09,256 [INFO] IPUIPlugin:79 - create IPUIPlugin
2024-05-17 02:32:09,256 [INFO] IPUIPlugin:79 - create IPUIPlugin
2024-05-17 02:32:09,256 [INFO] IPUIPlugin:79 - create IPUIPlugin
2024-05-17 02:32:09,256 [INFO] IPUIPlugin:79 - create IPUIPlugin
2024-05-17 02:32:09,256 [INFO] IPUIPlugin:79 - create IPUIPlugin
2024-05-17 02:32:09,256 [INFO] IPUIPlugin:79 - create IPUIPlugin
2024-05-17 02:32:09,257 [INFO] IPUIPlugin:79 - create IPUIPlugin
2024-05-17 02:32:09,257 [INFO] IPUIPlugin:79 - create IPUIPlugin
2024-05-17 02:32:09,257 [INFO] IPUIPlugin:79 - create IPUIPlugin
2024-05-17 02:32:09,257 [INFO] IPUIPlugin:79 - create IPUIPlugin
2024-05-17 02:32:09,257 [INFO] IPUIPlugin:79 - create IPUIPlugin
2024-05-17 02:32:09,257 [INFO] IPUIPlugin:79 - create IPUIPlugin
2024-05-17 02:32:09,258 [INFO] IPUIPlugin:79 - create IPUIPlugin
2024-05-17 02:32:09,258 [INFO] IPUIPlugin:79 - create IPUIPlugin
2024-05-17 02:32:09,258 [INFO] IPUIPlugin:79 - create IPUIPlugin
2024-05-17 02:32:09,258 [INFO] IPUIPlugin:79 - create IPUIPlugin
2024-05-17 02:32:09,258 [INFO] IPUIPlugin:79 - create IPUIPlugin
2024-05-17 02:32:09,259 [INFO] IPUIPlugin:79 - create IPUIPlugin
2024-05-17 02:32:09,259 [INFO] IPUIPlugin:79 - create IPUIPlugin
2024-05-17 02:32:09,408 [INFO] OpenFileManager:327 - Restore cursor
2024-05-17 02:32:09,834 [INFO] UtilMem:74 - End SaveConfig() Used Memory: 438561080 Bytes (554696704)
2024-05-17 02:32:09,865 [INFO] UtilMem:74 - End SaveConfig() Used Memory: 450066016 Bytes (554696704)
2024-05-17 02:32:10,206 [INFO] BlockDiagram:2753 - set Specific Code input for plugin: NVIC
2024-05-17 02:32:10,207 [INFO] BlockDiagram:2753 - set Specific Code input for plugin: RCC
2024-05-17 02:32:10,208 [INFO] CodeGenerator:690 - code generatio: config db path: C:\ST\STM32CubeIDE_1.9.0\STM32CubeIDE\plugins\com.st.stm32cube.common.mx_6.6.1.202207061420\\db\
2024-05-17 02:32:10,443 [INFO] CodeEngine:245 - oldGeneratedFile, C:\Users\arath\Desktop\Embedded Software\Mastering Microcontrollers Timers, PWM, CAN, Low Power\MCU2\001TestUART\MXTmpFiles\license.tmp_save
2024-05-17 02:32:10,714 [INFO] CodeEngine:269 - Generated code: C:\Users\arath\Desktop\Embedded Software\Mastering Microcontrollers Timers, PWM, CAN, Low Power\MCU2\001TestUART\MXTmpFiles\license.tmp
2024-05-17 02:32:10,725 [INFO] CodeEngine:245 - oldGeneratedFile, C:\Users\arath\Desktop\Embedded Software\Mastering Microcontrollers Timers, PWM, CAN, Low Power\MCU2\001TestUART\Core\Src\stm32f1xx_it.c_save
2024-05-17 02:32:10,842 [INFO] CodeEngine:269 - Generated code: C:\Users\arath\Desktop\Embedded Software\Mastering Microcontrollers Timers, PWM, CAN, Low Power\MCU2\001TestUART\Core\Src\stm32f1xx_it.c
2024-05-17 02:32:10,847 [INFO] CodeEngine:245 - oldGeneratedFile, C:\Users\arath\Desktop\Embedded Software\Mastering Microcontrollers Timers, PWM, CAN, Low Power\MCU2\001TestUART\Core\Inc\stm32f1xx_it.h_save
2024-05-17 02:32:10,922 [INFO] CodeEngine:269 - Generated code: C:\Users\arath\Desktop\Embedded Software\Mastering Microcontrollers Timers, PWM, CAN, Low Power\MCU2\001TestUART\Core\Inc\stm32f1xx_it.h
2024-05-17 02:32:10,984 [INFO] CodeEngine:245 - oldGeneratedFile, C:\Users\arath\Desktop\Embedded Software\Mastering Microcontrollers Timers, PWM, CAN, Low Power\MCU2\001TestUART\Core\Src\stm32f1xx_hal_msp.c_save
2024-05-17 02:32:11,075 [INFO] CodeEngine:269 - Generated code: C:\Users\arath\Desktop\Embedded Software\Mastering Microcontrollers Timers, PWM, CAN, Low Power\MCU2\001TestUART\Core\Src\stm32f1xx_hal_msp.c
2024-05-17 02:32:11,078 [INFO] CodeEngine:245 - oldGeneratedFile, C:\Users\arath\Desktop\Embedded Software\Mastering Microcontrollers Timers, PWM, CAN, Low Power\MCU2\001TestUART\MXTmpFiles\system.tmp_save
2024-05-17 02:32:11,137 [INFO] CodeEngine:269 - Generated code: C:\Users\arath\Desktop\Embedded Software\Mastering Microcontrollers Timers, PWM, CAN, Low Power\MCU2\001TestUART\MXTmpFiles\system.tmp
2024-05-17 02:32:11,147 [INFO] CodeEngine:245 - oldGeneratedFile, C:\Users\arath\Desktop\Embedded Software\Mastering Microcontrollers Timers, PWM, CAN, Low Power\MCU2\001TestUART\Core\Inc\stm32f1xx_hal_conf.h_save
2024-05-17 02:32:11,261 [INFO] CodeEngine:269 - Generated code: C:\Users\arath\Desktop\Embedded Software\Mastering Microcontrollers Timers, PWM, CAN, Low Power\MCU2\001TestUART\Core\Inc\stm32f1xx_hal_conf.h
2024-05-17 02:32:11,294 [INFO] CodeEngine:245 - oldGeneratedFile, C:\Users\arath\Desktop\Embedded Software\Mastering Microcontrollers Timers, PWM, CAN, Low Power\MCU2\001TestUART\Core\Inc\main.h_save
2024-05-17 02:32:11,389 [INFO] CodeEngine:269 - Generated code: C:\Users\arath\Desktop\Embedded Software\Mastering Microcontrollers Timers, PWM, CAN, Low Power\MCU2\001TestUART\Core\Inc\main.h
2024-05-17 02:32:11,392 [INFO] CodeEngine:245 - oldGeneratedFile, C:\Users\arath\Desktop\Embedded Software\Mastering Microcontrollers Timers, PWM, CAN, Low Power\MCU2\001TestUART\Core\Src\main.c_save
2024-05-17 02:32:11,542 [INFO] CodeEngine:269 - Generated code: C:\Users\arath\Desktop\Embedded Software\Mastering Microcontrollers Timers, PWM, CAN, Low Power\MCU2\001TestUART\Core\Src\main.c
2024-05-17 02:32:12,200 [INFO] ProjectBuilder:2919 - Time for Copy HAL[1] : 140mS.
2024-05-17 02:32:12,214 [INFO] ProjectBuilder:4117 - Project Generator version: 3.17.1
2024-05-17 02:32:12,445 [INFO] ConfigFileManager:1394 - The Die is : DIE410
2024-05-17 02:32:12,452 [INFO] ApiDbMcu:505 - Load IP Config File for FATFS
2024-05-17 02:32:12,457 [INFO] ApiDbMcu:505 - Load IP Config File for FREERTOS
2024-05-17 02:32:12,463 [INFO] ApiDbMcu:505 - Load IP Config File for USB_DEVICE
2024-05-17 02:32:14,172 [INFO] ProjectBuilder:4285 - Time for Generating toolchain IDE Files: 1958mS.
2024-05-17 02:32:14,174 [INFO] ProjectBuilder:2790 - Time for Copy CMSIS : 0mS.
2024-05-17 02:32:14,176 [INFO] ProjectBuilder:2790 - Time for Copy CMSIS : 0mS.
2024-05-17 02:32:14,746 [INFO] McuFinderGlobals:57 - Set McuFinderConnectedMode to true
2024-05-17 02:32:14,747 [INFO] ApiDb:443 - Save user favorites file C:\Users\arath/.stm32cubeide/favorites.mcus.txt: 1 item(s)
2024-05-17 02:32:14,748 [INFO] ApiDb:447 - User favorites MCUs=[STM32F103C8T6]
2024-05-17 02:32:35,377 [INFO] UtilMem:74 - End SaveConfig() Used Memory: 615609016 Bytes (850395136)
2024-05-17 02:32:37,645 [INFO] UtilMem:74 - End SaveConfig() Used Memory: 517652664 Bytes (850395136)
2024-05-17 02:32:37,934 [INFO] BlockDiagram:2753 - set Specific Code input for plugin: NVIC
2024-05-17 02:32:37,934 [INFO] BlockDiagram:2753 - set Specific Code input for plugin: USART
2024-05-17 02:32:37,934 [INFO] BlockDiagram:2753 - set Specific Code input for plugin: GPIO
2024-05-17 02:32:37,934 [INFO] BlockDiagram:2753 - set Specific Code input for plugin: RCC
2024-05-17 02:32:37,937 [INFO] CodeGenerator:690 - code generatio: config db path: C:\ST\STM32CubeIDE_1.9.0\STM32CubeIDE\plugins\com.st.stm32cube.common.mx_6.6.1.202207061420\\db\
2024-05-17 02:32:38,075 [INFO] CodeEngine:245 - oldGeneratedFile, C:\Users\arath\Desktop\Embedded Software\Mastering Microcontrollers Timers, PWM, CAN, Low Power\MCU2\001TestUART\MXTmpFiles\license.tmp_save
2024-05-17 02:32:38,149 [INFO] CodeEngine:269 - Generated code: C:\Users\arath\Desktop\Embedded Software\Mastering Microcontrollers Timers, PWM, CAN, Low Power\MCU2\001TestUART\MXTmpFiles\license.tmp
2024-05-17 02:32:38,177 [INFO] CodeEngine:245 - oldGeneratedFile, C:\Users\arath\Desktop\Embedded Software\Mastering Microcontrollers Timers, PWM, CAN, Low Power\MCU2\001TestUART\MXTmpFiles\gpio.tmp_save
2024-05-17 02:32:38,251 [INFO] CodeEngine:269 - Generated code: C:\Users\arath\Desktop\Embedded Software\Mastering Microcontrollers Timers, PWM, CAN, Low Power\MCU2\001TestUART\MXTmpFiles\gpio.tmp
2024-05-17 02:32:38,283 [INFO] CodeEngine:245 - oldGeneratedFile, C:\Users\arath\Desktop\Embedded Software\Mastering Microcontrollers Timers, PWM, CAN, Low Power\MCU2\001TestUART\Core\Src\stm32f1xx_it.c_save
2024-05-17 02:32:38,343 [INFO] CodeEngine:269 - Generated code: C:\Users\arath\Desktop\Embedded Software\Mastering Microcontrollers Timers, PWM, CAN, Low Power\MCU2\001TestUART\Core\Src\stm32f1xx_it.c
2024-05-17 02:32:38,349 [INFO] CodeEngine:245 - oldGeneratedFile, C:\Users\arath\Desktop\Embedded Software\Mastering Microcontrollers Timers, PWM, CAN, Low Power\MCU2\001TestUART\Core\Inc\stm32f1xx_it.h_save
2024-05-17 02:32:38,399 [INFO] CodeEngine:269 - Generated code: C:\Users\arath\Desktop\Embedded Software\Mastering Microcontrollers Timers, PWM, CAN, Low Power\MCU2\001TestUART\Core\Inc\stm32f1xx_it.h
2024-05-17 02:32:38,420 [INFO] CodeEngine:245 - oldGeneratedFile, C:\Users\arath\Desktop\Embedded Software\Mastering Microcontrollers Timers, PWM, CAN, Low Power\MCU2\001TestUART\Core\Src\stm32f1xx_hal_msp.c_save
2024-05-17 02:32:38,566 [INFO] CodeEngine:269 - Generated code: C:\Users\arath\Desktop\Embedded Software\Mastering Microcontrollers Timers, PWM, CAN, Low Power\MCU2\001TestUART\Core\Src\stm32f1xx_hal_msp.c
2024-05-17 02:32:38,573 [INFO] CodeEngine:245 - oldGeneratedFile, C:\Users\arath\Desktop\Embedded Software\Mastering Microcontrollers Timers, PWM, CAN, Low Power\MCU2\001TestUART\MXTmpFiles\system.tmp_save
2024-05-17 02:32:38,622 [INFO] CodeEngine:269 - Generated code: C:\Users\arath\Desktop\Embedded Software\Mastering Microcontrollers Timers, PWM, CAN, Low Power\MCU2\001TestUART\MXTmpFiles\system.tmp
2024-05-17 02:32:38,639 [INFO] CodeEngine:245 - oldGeneratedFile, C:\Users\arath\Desktop\Embedded Software\Mastering Microcontrollers Timers, PWM, CAN, Low Power\MCU2\001TestUART\Core\Inc\stm32f1xx_hal_conf.h_save
2024-05-17 02:32:38,716 [INFO] CodeEngine:269 - Generated code: C:\Users\arath\Desktop\Embedded Software\Mastering Microcontrollers Timers, PWM, CAN, Low Power\MCU2\001TestUART\Core\Inc\stm32f1xx_hal_conf.h
2024-05-17 02:32:38,750 [INFO] CodeEngine:245 - oldGeneratedFile, C:\Users\arath\Desktop\Embedded Software\Mastering Microcontrollers Timers, PWM, CAN, Low Power\MCU2\001TestUART\Core\Inc\main.h_save
2024-05-17 02:32:38,811 [INFO] CodeEngine:269 - Generated code: C:\Users\arath\Desktop\Embedded Software\Mastering Microcontrollers Timers, PWM, CAN, Low Power\MCU2\001TestUART\Core\Inc\main.h
2024-05-17 02:32:38,825 [INFO] CodeEngine:245 - oldGeneratedFile, C:\Users\arath\Desktop\Embedded Software\Mastering Microcontrollers Timers, PWM, CAN, Low Power\MCU2\001TestUART\Core\Src\main.c_save
2024-05-17 02:32:38,922 [INFO] CodeEngine:269 - Generated code: C:\Users\arath\Desktop\Embedded Software\Mastering Microcontrollers Timers, PWM, CAN, Low Power\MCU2\001TestUART\Core\Src\main.c
2024-05-17 02:32:39,430 [INFO] ProjectBuilder:2919 - Time for Copy HAL[1] : 118mS.
2024-05-17 02:32:39,433 [INFO] ProjectBuilder:4117 - Project Generator version: 3.17.1
2024-05-17 02:32:39,618 [INFO] ConfigFileManager:1394 - The Die is : DIE410
2024-05-17 02:32:40,596 [INFO] ProjectBuilder:4285 - Time for Generating toolchain IDE Files: 1163mS.
2024-05-17 02:32:40,597 [INFO] ProjectBuilder:2790 - Time for Copy CMSIS : 1mS.
2024-05-17 02:32:40,599 [INFO] ProjectBuilder:2790 - Time for Copy CMSIS : 0mS.
2024-05-18 14:41:14,786 [INFO] Activator:177 - 


2024-05-18 14:41:14,787 [INFO] Activator:178 - !SESSION log4j initialized
2024-05-18 14:41:45,867 [ERROR] LogOutputStream:74 - [STDERR_REDIRECT] SLF4J: Failed to load class "org.slf4j.impl.StaticLoggerBinder".
2024-05-18 14:41:45,868 [ERROR] LogOutputStream:74 - [STDERR_REDIRECT] SLF4J: Defaulting to no-operation (NOP) logger implementation
2024-05-18 14:41:45,868 [ERROR] LogOutputStream:74 - [STDERR_REDIRECT] SLF4J: See http://www.slf4j.org/codes.html#StaticLoggerBinder for further details.
2024-05-18 15:14:03,970 [ERROR] LogOutputStream:74 - [STDERR_REDIRECT] Warning: NLS missing message: ExternalToolsPreferencePage_External_tool_project_builders_migration_2 in: org.eclipse.ui.externaltools.internal.ui.ExternalToolsUIMessages
2024-05-18 15:14:03,972 [ERROR] LogOutputStream:74 - [STDERR_REDIRECT] Warning: NLS missing message: ExternalToolsPreferencePage_Prompt_before_migrating_3 in: org.eclipse.ui.externaltools.internal.ui.ExternalToolsUIMessages
2024-05-18 15:14:03,973 [ERROR] LogOutputStream:74 - [STDERR_REDIRECT] Warning: NLS missing message: ExternalToolsPreferencePage_1 in: org.eclipse.ui.externaltools.internal.ui.ExternalToolsUIMessages
2024-05-21 00:34:43,465 [INFO] Activator:177 - 


2024-05-21 00:34:43,466 [INFO] Activator:178 - !SESSION log4j initialized
2024-05-21 00:35:21,761 [ERROR] LogOutputStream:74 - [STDERR_REDIRECT] SLF4J: Failed to load class "org.slf4j.impl.StaticLoggerBinder".
2024-05-21 00:35:21,762 [ERROR] LogOutputStream:74 - [STDERR_REDIRECT] SLF4J: Defaulting to no-operation (NOP) logger implementation
2024-05-21 00:35:21,763 [ERROR] LogOutputStream:74 - [STDERR_REDIRECT] SLF4J: See http://www.slf4j.org/codes.html#StaticLoggerBinder for further details.
2024-05-21 14:41:55,289 [INFO] Activator:177 - 


2024-05-21 14:41:55,290 [INFO] Activator:178 - !SESSION log4j initialized
2024-05-21 14:42:32,434 [ERROR] LogOutputStream:74 - [STDERR_REDIRECT] SLF4J: Failed to load class "org.slf4j.impl.StaticLoggerBinder".
2024-05-21 14:42:32,434 [ERROR] LogOutputStream:74 - [STDERR_REDIRECT] SLF4J: Defaulting to no-operation (NOP) logger implementation
2024-05-21 14:42:32,435 [ERROR] LogOutputStream:74 - [STDERR_REDIRECT] SLF4J: See http://www.slf4j.org/codes.html#StaticLoggerBinder for further details.
2024-05-22 12:52:29,432 [INFO] Activator:177 - 


2024-05-22 12:52:29,432 [INFO] Activator:178 - !SESSION log4j initialized
2024-05-22 12:53:02,268 [ERROR] LogOutputStream:74 - [STDERR_REDIRECT] SLF4J: Failed to load class "org.slf4j.impl.StaticLoggerBinder".
2024-05-22 12:53:02,268 [ERROR] LogOutputStream:74 - [STDERR_REDIRECT] SLF4J: Defaulting to no-operation (NOP) logger implementation
2024-05-22 12:53:02,269 [ERROR] LogOutputStream:74 - [STDERR_REDIRECT] SLF4J: See http://www.slf4j.org/codes.html#StaticLoggerBinder for further details.
2024-05-24 00:30:49,434 [INFO] Activator:177 - 


2024-05-24 00:30:49,434 [INFO] Activator:178 - !SESSION log4j initialized
2024-05-24 00:31:21,008 [ERROR] LogOutputStream:74 - [STDERR_REDIRECT] SLF4J: Failed to load class "org.slf4j.impl.StaticLoggerBinder".
2024-05-24 00:31:21,009 [ERROR] LogOutputStream:74 - [STDERR_REDIRECT] SLF4J: Defaulting to no-operation (NOP) logger implementation
2024-05-24 00:31:21,010 [ERROR] LogOutputStream:74 - [STDERR_REDIRECT] SLF4J: See http://www.slf4j.org/codes.html#StaticLoggerBinder for further details.
2024-05-26 23:36:57,205 [INFO] Activator:177 - 


2024-05-26 23:36:57,205 [INFO] Activator:178 - !SESSION log4j initialized
2024-05-26 23:37:29,813 [ERROR] LogOutputStream:74 - [STDERR_REDIRECT] SLF4J: Failed to load class "org.slf4j.impl.StaticLoggerBinder".
2024-05-26 23:37:29,814 [ERROR] LogOutputStream:74 - [STDERR_REDIRECT] SLF4J: Defaulting to no-operation (NOP) logger implementation
2024-05-26 23:37:29,815 [ERROR] LogOutputStream:74 - [STDERR_REDIRECT] SLF4J: See http://www.slf4j.org/codes.html#StaticLoggerBinder for further details.
2024-05-27 00:42:58,891 [ERROR] LogOutputStream:74 - [STDERR_REDIRECT] Warning: NLS missing message: ExternalToolsPreferencePage_External_tool_project_builders_migration_2 in: org.eclipse.ui.externaltools.internal.ui.ExternalToolsUIMessages
2024-05-27 00:42:58,893 [ERROR] LogOutputStream:74 - [STDERR_REDIRECT] Warning: NLS missing message: ExternalToolsPreferencePage_Prompt_before_migrating_3 in: org.eclipse.ui.externaltools.internal.ui.ExternalToolsUIMessages
2024-05-27 00:42:58,894 [ERROR] LogOutputStream:74 - [STDERR_REDIRECT] Warning: NLS missing message: ExternalToolsPreferencePage_1 in: org.eclipse.ui.externaltools.internal.ui.ExternalToolsUIMessages
